Handling lib "zz_boards"...
Handling lib "shadow"...
Handling lib "wifi"...
HanSuccess, built app/esp32 version 1.0 (20181119-173331).
Firmware saved to C:\mos\LibrarySensor\app\build\fw.zip
By the way, there is a newer version available: "201811161855" (you use "201810191116"). Run "mos update" to upgrade.
ecking out master...
http-server: Checking out master...
demo-bundle: Checking out master...
wifi-setup-web: Checking out master...
core: Checking out master...
bme280: Checking out master...
zz_boards: Done, hash 7d6abed8fb3099622c9ba3602c2cf0da8d21ae2b
demo-bundle: Done, hash 3788cda4730cfd7c5df7613516321215373de4db
zz_boards: Hash unchanged at 7d6abed8fb3099622c9ba3602c2cf0da8d21ae2b (dir "/fwbuild-volumes/latest/apps/app/esp32/build_contexts/build_ctx_398655086/libs/boards")
zz_boards: Prepared local dir: "/fwbuild-volumes/latest/apps/app/esp32/build_contexts/build_ctx_398655086/libs/boards"
shadow: Checking out master...
core: Done, hash 754755a6ecdd8815abfbb83e1322b0b41c4d97e7
bme280: Done, hash 95c462d24739863248b681b9f4718d1bcfc6535d
demo-bundle: Hash unchanged at 3788cda4730cfd7c5df7613516321215373de4db (dir "/fwbuild-volumes/latest/apps/app/esp32/build_contexts/build_ctx_398655086/libs/demo-bundle")
demo-bundle: Prepared local dir: "/fwbuild-volumes/latest/apps/app/esp32/build_contexts/build_ctx_398655086/libs/demo-bundle"
wifi-setup-web: Done, hash ba56aa96c925d4898748bea59c1bbe405d94fac1
core: Hash unchanged at 754755a6ecdd8815abfbb83e1322b0b41c4d97e7 (dir "/fwbuild-volumes/latest/apps/app/esp32/build_contexts/build_ctx_398655086/libs/core")
core: Prepared local dir: "/fwbuild-volumes/latest/apps/app/esp32/build_contexts/build_ctx_398655086/libs/core"
wifi-setup-web: Hash unchanged at ba56aa96c925d4898748bea59c1bbe405d94fac1 (dir "/fwbuild-volumes/latest/apps/app/esp32/build_contexts/build_ctx_398655086/libs/wifi-setup-web")
wifi-setup-web: Prepared local dir: "/fwbuild-volumes/latest/apps/app/esp32/build_contexts/build_ctx_398655086/libs/wifi-setup-web"
bme280: Hash unchanged at 95c462d24739863248b681b9f4718d1bcfc6535d (dir "/fwbuild-volumes/latest/apps/app/esp32/build_contexts/build_ctx_398655086/libs/bme280")
bme280: Prepared local dir: "/fwbuild-volumes/latest/apps/app/esp32/build_contexts/build_ctx_398655086/libs/bme280"
Handling lib "neopixel"...
http-server: Done, hash 4803a1ba392c7caa984ce620f428bff598bc94b0
Handling lib "ca-bundle"...
Handling lib "rpc-service-fs"...
Handling lib "rpc-service-config"...
Handling lib "provision"...
Handling lib "pwm"...
Handling lib "atca"...
Handling lib "azure"...
Handling lib "adc"...
Handling lib "rpc-uart"...
Handling lib "mongoose"...
wifi: Done, hash 2b0c08e0cc0bcc64519004d09a8b501529394156
Handling lib "vfs-fs-spiffs"...
Handling lib "watson"...
Handling lib "dash"...
Handling lib "i2c"...
Handling lib "spi"...
Handling lib "vfs-fs-lfs"...
Handling lib "sntp"...
Handling lib "rpc-service-gpio"...
Handling lib "rpc-ws"...
Handling lib "ota-shadow"...
Handling lib "dht"...
Handling lib "esp32-touchpad"...
Handling lib "rpc-azure"...
Handling lib "bt-service-debug"...
Handling lib "rpc-service-i2c"...
aws: Done, hash 3f6873c87f73372312519762142cbe9906512997
Handling lib "rpc-loopback"...
Handling lib "rpc-mqtt"...
Handling lib "rpc-service-wifi"...
Handling lib "rpc-gatts"...
Handling lib "rpc-service-atca"...
Handling lib "dns-sd"...
Handling lib "rpc-service-ota"...
Handling lib "bt-service-config"...
http-server: Hash unchanged at 4803a1ba392c7caa984ce620f428bff598bc94b0 (dir "/fwbuild-volumes/latest/apps/app/esp32/build_contexts/build_ctx_398655086/libs/http-server")
Handling lib "gcp"...
Handling lib "pppos"...
Handling lib "ethernet"...
Handling lib "ota-http-server"...
shadow: Done, hash 3c21f7bfd2f5e2cbaa8e3f4621ff3f964e669b64
Handling lib "ota-http-client"...
Handling lib "vfs-dev-spi-flash"...
wifi: Hash unchanged at 2b0c08e0cc0bcc64519004d09a8b501529394156 (dir "/fwbuild-volumes/latest/apps/app/esp32/build_contexts/build_ctx_398655086/libs/wifi")
ca-bundle: Checking out master...
pwm: Checking out master...
neopixel: Checking out master...
http-server: Prepared local dir: "/fwbuild-volumes/latest/apps/app/esp32/build_contexts/build_ctx_398655086/libs/http-server"
wifi: Prepared local dir: "/fwbuild-volumes/latest/apps/app/esp32/build_contexts/build_ctx_398655086/libs/wifi"
sntp: Checking out master...
atca: Checking out master...
vfs-fs-spiffs: Checking out master...
rpc-service-config: Checking out master...
rpc-uart: Checking out master...
mongoose: Checking out master...
azure: Checking out master...
aws: Hash unchanged at 3f6873c87f73372312519762142cbe9906512997 (dir "/fwbuild-volumes/latest/apps/app/esp32/build_contexts/build_ctx_398655086/libs/aws")
aws: Prepared local dir: "/fwbuild-volumes/latest/apps/app/esp32/build_contexts/build_ctx_398655086/libs/aws"
Handling lib "mqtt"...
vfs-fs-lfs: Checking out master...
rpc-ws: Checking out master...
shadow: Hash unchanged at 3c21f7bfd2f5e2cbaa8e3f4621ff3f964e669b64 (dir "/fwbuild-volumes/latest/apps/app/esp32/build_contexts/build_ctx_398655086/libs/shadow")
shadow: Prepared local dir: "/fwbuild-volumes/latest/apps/app/esp32/build_contexts/build_ctx_398655086/libs/shadow"
watson: Checking out master...
spi: Checking out master...
i2c: Checking out master...
neopixel: Done, hash 8b1fc49f1ac9ac5bf69ea8fed8dd81453bd59531
vfs-fs-spiffs: Done, hash 860d312f7b5a04ee2ab450712b0c33ff9366b523
rpc-service-config: Done, hash 8ceacef143f63104bf6b2ee2842358edf04bcce0
atca: Done, hash df2bbaf0d1279ab104459bbadf1477daf4b39e08
sntp: Done, hash 42591292134b829afbceeecd1d52cd510dd922c2
rpc-uart: Done, hash 45037dcad1a658ee0acf3d7247ca390dab977a87
ca-bundle: Done, hash 5d196125eb7434d03c864ae37f776be27b319436
pwm: Done, hash 936d41c6b00d6a9485c064be201d9694d570cc87
mongoose: Done, hash 6525f3478da4e52b6c738461ce3c5e380ad31988
azure: Done, hash ad00e3981be35951c94f2b08e750186d1eb1579b
neopixel: Hash unchanged at 8b1fc49f1ac9ac5bf69ea8fed8dd81453bd59531 (dir "/fwbuild-volumes/latest/apps/app/esp32/build_contexts/build_ctx_398655086/libs/neopixel")
vfs-fs-lfs: Done, hash 456ebff3e2ca8bed7677ecd05143f5c5608693e5
neopixel: Prepared local dir: "/fwbuild-volumes/latest/apps/app/esp32/build_contexts/build_ctx_398655086/libs/neopixel"
rpc-ws: Done, hash e4855797368274b29e7bce4390fe2b11f62b6dbd
watson: Done, hash d7650ed42dab92842e5c160f8b84e53ce4df1ec9
vfs-fs-spiffs: Hash unchanged at 860d312f7b5a04ee2ab450712b0c33ff9366b523 (dir "/fwbuild-volumes/latest/apps/app/esp32/build_contexts/build_ctx_398655086/libs/vfs-fs-spiffs")
vfs-fs-spiffs: Prepared local dir: "/fwbuild-volumes/latest/apps/app/esp32/build_contexts/build_ctx_398655086/libs/vfs-fs-spiffs"
spi: Done, hash 4771218f82a187f8e68f20a25da1a220b04d51cd
rpc-service-config: Hash unchanged at 8ceacef143f63104bf6b2ee2842358edf04bcce0 (dir "/fwbuild-volumes/latest/apps/app/esp32/build_contexts/build_ctx_398655086/libs/rpc-service-config")
rpc-service-config: Prepared local dir: "/fwbuild-volumes/latest/apps/app/esp32/build_contexts/build_ctx_398655086/libs/rpc-service-config"
i2c: Done, hash f5ee069d94aa2ae7c627646e5f237f50e8c7001e
Handling lib "vfs-common"...
Handling lib "rpc-common"...
atca: Hash unchanged at df2bbaf0d1279ab104459bbadf1477daf4b39e08 (dir "/fwbuild-volumes/latest/apps/app/esp32/build_contexts/build_ctx_398655086/libs/atca")
atca: Prepared local dir: "/fwbuild-volumes/latest/apps/app/esp32/build_contexts/build_ctx_398655086/libs/atca"
sntp: Hash unchanged at 42591292134b829afbceeecd1d52cd510dd922c2 (dir "/fwbuild-volumes/latest/apps/app/esp32/build_contexts/build_ctx_398655086/libs/sntp")
sntp: Prepared local dir: "/fwbuild-volumes/latest/apps/app/esp32/build_contexts/build_ctx_398655086/libs/sntp"
rpc-uart: Hash unchanged at 45037dcad1a658ee0acf3d7247ca390dab977a87 (dir "/fwbuild-volumes/latest/apps/app/esp32/build_contexts/build_ctx_398655086/libs/rpc-uart")
rpc-uart: Prepared local dir: "/fwbuild-volumes/latest/apps/app/esp32/build_contexts/build_ctx_398655086/libs/rpc-uart"
ca-bundle: Hash unchanged at 5d196125eb7434d03c864ae37f776be27b319436 (dir "/fwbuild-volumes/latest/apps/app/esp32/build_contexts/build_ctx_398655086/libs/ca-bundle")
ca-bundle: Prepared local dir: "/fwbuild-volumes/latest/apps/app/esp32/build_contexts/build_ctx_398655086/libs/ca-bundle"
pwm: Hash unchanged at 936d41c6b00d6a9485c064be201d9694d570cc87 (dir "/fwbuild-volumes/latest/apps/app/esp32/build_contexts/build_ctx_398655086/libs/pwm")
pwm: Prepared local dir: "/fwbuild-volumes/latest/apps/app/esp32/build_contexts/build_ctx_398655086/libs/pwm"
mongoose: Hash unchanged at 6525f3478da4e52b6c738461ce3c5e380ad31988 (dir "/fwbuild-volumes/latest/apps/app/esp32/build_contexts/build_ctx_398655086/libs/mongoose")
azure: Hash unchanged at ad00e3981be35951c94f2b08e750186d1eb1579b (dir "/fwbuild-volumes/latest/apps/app/esp32/build_contexts/build_ctx_398655086/libs/azure")
mongoose: Prepared local dir: "/fwbuild-volumes/latest/apps/app/esp32/build_contexts/build_ctx_398655086/libs/mongoose"
azure: Prepared local dir: "/fwbuild-volumes/latest/apps/app/esp32/build_contexts/build_ctx_398655086/libs/azure"
Handling lib "mbedtls"...
vfs-fs-lfs: Hash unchanged at 456ebff3e2ca8bed7677ecd05143f5c5608693e5 (dir "/fwbuild-volumes/latest/apps/app/esp32/build_contexts/build_ctx_398655086/libs/vfs-fs-lfs")
vfs-fs-lfs: Prepared local dir: "/fwbuild-volumes/latest/apps/app/esp32/build_contexts/build_ctx_398655086/libs/vfs-fs-lfs"
rpc-ws: Hash unchanged at e4855797368274b29e7bce4390fe2b11f62b6dbd (dir "/fwbuild-volumes/latest/apps/app/esp32/build_contexts/build_ctx_398655086/libs/rpc-ws")
rpc-ws: Prepared local dir: "/fwbuild-volumes/latest/apps/app/esp32/build_contexts/build_ctx_398655086/libs/rpc-ws"
watson: Hash unchanged at d7650ed42dab92842e5c160f8b84e53ce4df1ec9 (dir "/fwbuild-volumes/latest/apps/app/esp32/build_contexts/build_ctx_398655086/libs/watson")
watson: Prepared local dir: "/fwbuild-volumes/latest/apps/app/esp32/build_contexts/build_ctx_398655086/libs/watson"
adc: Checking out master...
rpc-service-fs: Checking out master...
spi: Hash unchanged at 4771218f82a187f8e68f20a25da1a220b04d51cd (dir "/fwbuild-volumes/latest/apps/app/esp32/build_contexts/build_ctx_398655086/libs/spi")
spi: Prepared local dir: "/fwbuild-volumes/latest/apps/app/esp32/build_contexts/build_ctx_398655086/libs/spi"
provision: Checking out master...
i2c: Hash unchanged at f5ee069d94aa2ae7c627646e5f237f50e8c7001e (dir "/fwbuild-volumes/latest/apps/app/esp32/build_contexts/build_ctx_398655086/libs/i2c")
i2c: Prepared local dir: "/fwbuild-volumes/latest/apps/app/esp32/build_contexts/build_ctx_398655086/libs/i2c"
dash: Checking out master...
rpc-service-gpio: Checking out master...
rpc-loopback: Checking out master...
rpc-azure: Checking out master...
rpc-service-i2c: Checking out master...
esp32-touchpad: Checking out master...
dht: Checking out master...
rpc-mqtt: Checking out master...
rpc-service-atca: Checking out master...
vfs-dev-spi-flash: Checking out master...
rpc-service-ota: Checking out master...
ethernet: Checking out master...
rpc-service-wifi: Checking out master...
pppos: Checking out master...
ota-http-client: Checking out master...
ota-http-server: Checking out master...
rpc-gatts: Checking out master...
mqtt: Checking out master...
dns-sd: Checking out master...
adc: Done, hash 14e2586475358790f56360a10ada8b904d8f0821
rpc-service-fs: Done, hash 5e088da12316a1a564fad285db9d9cda2f4b4ce3
provision: Done, hash b7f89bca481e7a0ec1ed882adb4b1dfa0643d52b
dash: Done, hash ddeaca6d207f5513ee288240a01fed101e0d3f23
bt-service-config: Checking out master...
gcp: Checking out master...
ota-shadow: Checking out master...
bt-service-debug: Checking out master...
rpc-service-gpio: Done, hash 8175948ca730763ae6565ebd81dda97c843c67af
adc: Hash unchanged at 14e2586475358790f56360a10ada8b904d8f0821 (dir "/fwbuild-volumes/latest/apps/app/esp32/build_contexts/build_ctx_398655086/libs/adc")
adc: Prepared local dir: "/fwbuild-volumes/latest/apps/app/esp32/build_contexts/build_ctx_398655086/libs/adc"
rpc-service-fs: Hash unchanged at 5e088da12316a1a564fad285db9d9cda2f4b4ce3 (dir "/fwbuild-volumes/latest/apps/app/esp32/build_contexts/build_ctx_398655086/libs/rpc-service-fs")
rpc-service-fs: Prepared local dir: "/fwbuild-volumes/latest/apps/app/esp32/build_contexts/build_ctx_398655086/libs/rpc-service-fs"
provision: Hash unchanged at b7f89bca481e7a0ec1ed882adb4b1dfa0643d52b (dir "/fwbuild-volumes/latest/apps/app/esp32/build_contexts/build_ctx_398655086/libs/provision")
provision: Prepared local dir: "/fwbuild-volumes/latest/apps/app/esp32/build_contexts/build_ctx_398655086/libs/provision"
dash: Hash unchanged at ddeaca6d207f5513ee288240a01fed101e0d3f23 (dir "/fwbuild-volumes/latest/apps/app/esp32/build_contexts/build_ctx_398655086/libs/dash")
dash: Prepared local dir: "/fwbuild-volumes/latest/apps/app/esp32/build_contexts/build_ctx_398655086/libs/dash"
rpc-loopback: Done, hash dec04b4ec1205e3fbf017a2cd3a5a3d8eceacd04
rpc-service-i2c: Done, hash 5b70ce05fa703ef075f924717727104c1a6a24be
rpc-azure: Done, hash a34f501e243deba5153858b57af8ab890fde9046
dht: Done, hash c5079863203c172fc5b6420c2c2557d4df9d2342
esp32-touchpad: Done, hash 0961fee6dfb04a02d10ec5a60e4096aa2ec9fc73
vfs-dev-spi-flash: Done, hash 15846c6c4807f71d4e06c2f6862ff23f9571e5d0
rpc-service-atca: Done, hash d971678a491187c9d0338a1a55cb7af7af0be0c7
rpc-service-ota: Done, hash c4c4618853107747093e27d809160c63d85e44fa
ethernet: Done, hash 45bbcfe7d028e2d7e615b21fbae5c230858f0555
rpc-service-gpio: Hash unchanged at 8175948ca730763ae6565ebd81dda97c843c67af (dir "/fwbuild-volumes/latest/apps/app/esp32/build_contexts/build_ctx_398655086/libs/rpc-service-gpio")
rpc-service-gpio: Prepared local dir: "/fwbuild-volumes/latest/apps/app/esp32/build_contexts/build_ctx_398655086/libs/rpc-service-gpio"
rpc-mqtt: Done, hash d668cd9d49fd1bd2643b6ffc61eef56aa06b6576
rpc-service-wifi: Done, hash 792d3d379a0a1e8df4ed9a9f22152fae05d941dc
ota-http-client: Done, hash c45f0a82f0e31379fb2ff987f91e536ecccb7e6a
ota-http-server: Done, hash 62d85e35ed285f55b0df3574c7c6a26c3408edd9
pppos: Done, hash 224c80016e0fd782dc24112093d13e28db357a95
rpc-gatts: Done, hash 312b5acdbf7d1a9a410507344796b11ec7ee4428
rpc-loopback: Hash unchanged at dec04b4ec1205e3fbf017a2cd3a5a3d8eceacd04 (dir "/fwbuild-volumes/latest/apps/app/esp32/build_contexts/build_ctx_398655086/libs/rpc-loopback")
rpc-loopback: Prepared local dir: "/fwbuild-volumes/latest/apps/app/esp32/build_contexts/build_ctx_398655086/libs/rpc-loopback"
rpc-service-i2c: Hash unchanged at 5b70ce05fa703ef075f924717727104c1a6a24be (dir "/fwbuild-volumes/latest/apps/app/esp32/build_contexts/build_ctx_398655086/libs/rpc-service-i2c")
rpc-service-i2c: Prepared local dir: "/fwbuild-volumes/latest/apps/app/esp32/build_contexts/build_ctx_398655086/libs/rpc-service-i2c"
rpc-azure: Hash unchanged at a34f501e243deba5153858b57af8ab890fde9046 (dir "/fwbuild-volumes/latest/apps/app/esp32/build_contexts/build_ctx_398655086/libs/rpc-azure")
rpc-azure: Prepared local dir: "/fwbuild-volumes/latest/apps/app/esp32/build_contexts/build_ctx_398655086/libs/rpc-azure"
esp32-touchpad: Hash unchanged at 0961fee6dfb04a02d10ec5a60e4096aa2ec9fc73 (dir "/fwbuild-volumes/latest/apps/app/esp32/build_contexts/build_ctx_398655086/libs/esp32-touchpad")
esp32-touchpad: Prepared local dir: "/fwbuild-volumes/latest/apps/app/esp32/build_contexts/build_ctx_398655086/libs/esp32-touchpad"
dht: Hash unchanged at c5079863203c172fc5b6420c2c2557d4df9d2342 (dir "/fwbuild-volumes/latest/apps/app/esp32/build_contexts/build_ctx_398655086/libs/dht")
dht: Prepared local dir: "/fwbuild-volumes/latest/apps/app/esp32/build_contexts/build_ctx_398655086/libs/dht"
vfs-dev-spi-flash: Hash unchanged at 15846c6c4807f71d4e06c2f6862ff23f9571e5d0 (dir "/fwbuild-volumes/latest/apps/app/esp32/build_contexts/build_ctx_398655086/libs/vfs-dev-spi-flash")
vfs-dev-spi-flash: Prepared local dir: "/fwbuild-volumes/latest/apps/app/esp32/build_contexts/build_ctx_398655086/libs/vfs-dev-spi-flash"
rpc-service-atca: Hash unchanged at d971678a491187c9d0338a1a55cb7af7af0be0c7 (dir "/fwbuild-volumes/latest/apps/app/esp32/build_contexts/build_ctx_398655086/libs/rpc-service-atca")
rpc-service-atca: Prepared local dir: "/fwbuild-volumes/latest/apps/app/esp32/build_contexts/build_ctx_398655086/libs/rpc-service-atca"
mqtt: Done, hash eed778bc1c07d58cef9ba43d6f6c579cba9437b6
rpc-service-ota: Hash unchanged at c4c4618853107747093e27d809160c63d85e44fa (dir "/fwbuild-volumes/latest/apps/app/esp32/build_contexts/build_ctx_398655086/libs/rpc-service-ota")
ethernet: Hash unchanged at 45bbcfe7d028e2d7e615b21fbae5c230858f0555 (dir "/fwbuild-volumes/latest/apps/app/esp32/build_contexts/build_ctx_398655086/libs/ethernet")
rpc-service-ota: Prepared local dir: "/fwbuild-volumes/latest/apps/app/esp32/build_contexts/build_ctx_398655086/libs/rpc-service-ota"
ethernet: Prepared local dir: "/fwbuild-volumes/latest/apps/app/esp32/build_contexts/build_ctx_398655086/libs/ethernet"
rpc-mqtt: Hash unchanged at d668cd9d49fd1bd2643b6ffc61eef56aa06b6576 (dir "/fwbuild-volumes/latest/apps/app/esp32/build_contexts/build_ctx_398655086/libs/rpc-mqtt")
rpc-mqtt: Prepared local dir: "/fwbuild-volumes/latest/apps/app/esp32/build_contexts/build_ctx_398655086/libs/rpc-mqtt"
rpc-service-wifi: Hash unchanged at 792d3d379a0a1e8df4ed9a9f22152fae05d941dc (dir "/fwbuild-volumes/latest/apps/app/esp32/build_contexts/build_ctx_398655086/libs/rpc-service-wifi")
rpc-service-wifi: Prepared local dir: "/fwbuild-volumes/latest/apps/app/esp32/build_contexts/build_ctx_398655086/libs/rpc-service-wifi"
ota-http-client: Hash unchanged at c45f0a82f0e31379fb2ff987f91e536ecccb7e6a (dir "/fwbuild-volumes/latest/apps/app/esp32/build_contexts/build_ctx_398655086/libs/ota-http-client")
ota-http-client: Prepared local dir: "/fwbuild-volumes/latest/apps/app/esp32/build_contexts/build_ctx_398655086/libs/ota-http-client"
dns-sd: Done, hash ae9f8ec3c11562e1a980a1793435335eae31251e
ota-http-server: Hash unchanged at 62d85e35ed285f55b0df3574c7c6a26c3408edd9 (dir "/fwbuild-volumes/latest/apps/app/esp32/build_contexts/build_ctx_398655086/libs/ota-http-server")
ota-http-server: Prepared local dir: "/fwbuild-volumes/latest/apps/app/esp32/build_contexts/build_ctx_398655086/libs/ota-http-server"
Handling lib "ota-common"...
rpc-common: Checking out master...
pppos: Hash unchanged at 224c80016e0fd782dc24112093d13e28db357a95 (dir "/fwbuild-volumes/latest/apps/app/esp32/build_contexts/build_ctx_398655086/libs/pppos")
pppos: Prepared local dir: "/fwbuild-volumes/latest/apps/app/esp32/build_contexts/build_ctx_398655086/libs/pppos"
rpc-gatts: Hash unchanged at 312b5acdbf7d1a9a410507344796b11ec7ee4428 (dir "/fwbuild-volumes/latest/apps/app/esp32/build_contexts/build_ctx_398655086/libs/rpc-gatts")
rpc-gatts: Prepared local dir: "/fwbuild-volumes/latest/apps/app/esp32/build_contexts/build_ctx_398655086/libs/rpc-gatts"
Handling lib "bt-common"...
bt-service-config: Done, hash d6e6624f05d647ccc04ded1d62f1ee218886b360
gcp: Done, hash 755f37d6aee0b480fcaef48a0d1bc4358a8c8f39
mqtt: Hash unchanged at eed778bc1c07d58cef9ba43d6f6c579cba9437b6 (dir "/fwbuild-volumes/latest/apps/app/esp32/build_contexts/build_ctx_398655086/libs/mqtt")
mqtt: Prepared local dir: "/fwbuild-volumes/latest/apps/app/esp32/build_contexts/build_ctx_398655086/libs/mqtt"
ota-shadow: Done, hash 53fe885287cb062beb6e2e3cbbb44430b50c0008
dns-sd: Hash unchanged at ae9f8ec3c11562e1a980a1793435335eae31251e (dir "/fwbuild-volumes/latest/apps/app/esp32/build_contexts/build_ctx_398655086/libs/dns-sd")
dns-sd: Prepared local dir: "/fwbuild-volumes/latest/apps/app/esp32/build_contexts/build_ctx_398655086/libs/dns-sd"
bt-service-debug: Done, hash ce508c3f2661214adb1ef1b07836a80d269dedec
mbedtls: Checking out master...
vfs-common: Checking out master...
bt-service-config: Hash unchanged at d6e6624f05d647ccc04ded1d62f1ee218886b360 (dir "/fwbuild-volumes/latest/apps/app/esp32/build_contexts/build_ctx_398655086/libs/bt-service-config")
bt-service-config: Prepared local dir: "/fwbuild-volumes/latest/apps/app/esp32/build_contexts/build_ctx_398655086/libs/bt-service-config"
gcp: Hash unchanged at 755f37d6aee0b480fcaef48a0d1bc4358a8c8f39 (dir "/fwbuild-volumes/latest/apps/app/esp32/build_contexts/build_ctx_398655086/libs/gcp")
gcp: Prepared local dir: "/fwbuild-volumes/latest/apps/app/esp32/build_contexts/build_ctx_398655086/libs/gcp"
ota-shadow: Hash unchanged at 53fe885287cb062beb6e2e3cbbb44430b50c0008 (dir "/fwbuild-volumes/latest/apps/app/esp32/build_contexts/build_ctx_398655086/libs/ota-shadow")
ota-shadow: Prepared local dir: "/fwbuild-volumes/latest/apps/app/esp32/build_contexts/build_ctx_398655086/libs/ota-shadow"
bt-service-debug: Hash unchanged at ce508c3f2661214adb1ef1b07836a80d269dedec (dir "/fwbuild-volumes/latest/apps/app/esp32/build_contexts/build_ctx_398655086/libs/bt-service-debug")
bt-service-debug: Prepared local dir: "/fwbuild-volumes/latest/apps/app/esp32/build_contexts/build_ctx_398655086/libs/bt-service-debug"
rpc-common: Done, hash 5a5aba2aa4fc6f2eff068f355d81943222d22e44
rpc-common: Hash unchanged at 5a5aba2aa4fc6f2eff068f355d81943222d22e44 (dir "/fwbuild-volumes/latest/apps/app/esp32/build_contexts/build_ctx_398655086/libs/rpc-common")
rpc-common: Prepared local dir: "/fwbuild-volumes/latest/apps/app/esp32/build_contexts/build_ctx_398655086/libs/rpc-common"
vfs-common: Done, hash 93e43fb87262b577678472cb48d7f6d27ddc7312
vfs-common: Hash unchanged at 93e43fb87262b577678472cb48d7f6d27ddc7312 (dir "/fwbuild-volumes/latest/apps/app/esp32/build_contexts/build_ctx_398655086/libs/vfs-common")
vfs-common: Prepared local dir: "/fwbuild-volumes/latest/apps/app/esp32/build_contexts/build_ctx_398655086/libs/vfs-common"
ota-common: Checking out master...
mbedtls: Done, hash 3a1bd696b88db012ff002f0a8c3d9589f4ff593c
ota-common: Done, hash ba5072799a223c610a44678f7564e47c40db02e5
mbedtls: Hash unchanged at 3a1bd696b88db012ff002f0a8c3d9589f4ff593c (dir "/fwbuild-volumes/latest/apps/app/esp32/build_contexts/build_ctx_398655086/libs/mbedtls")
mbedtls: Prepared local dir: "/fwbuild-volumes/latest/apps/app/esp32/build_contexts/build_ctx_398655086/libs/mbedtls"
ota-common: Hash unchanged at ba5072799a223c610a44678f7564e47c40db02e5 (dir "/fwbuild-volumes/latest/apps/app/esp32/build_contexts/build_ctx_398655086/libs/ota-common")
ota-common: Prepared local dir: "/fwbuild-volumes/latest/apps/app/esp32/build_contexts/build_ctx_398655086/libs/ota-common"
bt-common: Checking out master...
bt-common: Done, hash 5a347f8c3b45481de0b5dfa4a75aa45651258efb
bt-common: Hash unchanged at 5a347f8c3b45481de0b5dfa4a75aa45651258efb (dir "/fwbuild-volumes/latest/apps/app/esp32/build_contexts/build_ctx_398655086/libs/bt-common")
bt-common: Prepared local dir: "/fwbuild-volumes/latest/apps/app/esp32/build_contexts/build_ctx_398655086/libs/bt-common"
The flag --repo is not given, going to use mongoose-os repository
mongoose-os: Checking out master...
mongoose-os: Done, hash e8c4d5688be9177b1720b3adb100d9475cfdb2a8
Prebuilt binary for "mbedtls" already exists at "/fwbuild-volumes/latest/apps/app/esp32/build_contexts/build_ctx_398655086/libs/mbedtls/lib/esp32/libmbedtls.a"
Prebuilt binary for "mongoose" already exists at "/fwbuild-volumes/latest/apps/app/esp32/build_contexts/build_ctx_398655086/libs/mongoose/lib/esp32/libmongoose.a"
Prebuilt binary for "ota-common" already exists at "/fwbuild-volumes/latest/apps/app/esp32/build_contexts/build_ctx_398655086/libs/ota-common/lib/esp32/libota-common.a"
Prebuilt binary for "ota-http-client" already exists at "/fwbuild-volumes/latest/apps/app/esp32/build_contexts/build_ctx_398655086/libs/ota-http-client/lib/esp32/libota-http-client.a"
Prebuilt binary for "ota-shadow" already exists at "/fwbuild-volumes/latest/apps/app/esp32/build_contexts/build_ctx_398655086/libs/ota-shadow/lib/esp32/libota-shadow.a"
Prebuilt binary for "dash" already exists at "/fwbuild-volumes/latest/apps/app/esp32/build_contexts/build_ctx_398655086/libs/dash/lib/esp32/libdash.a"
Prebuilt binary for "ota-http-server" already exists at "/fwbuild-volumes/latest/apps/app/esp32/build_contexts/build_ctx_398655086/libs/ota-http-server/lib/esp32/libota-http-server.a"
Prebuilt binary for "rpc-service-ota" already exists at "/fwbuild-volumes/latest/apps/app/esp32/build_contexts/build_ctx_398655086/libs/rpc-service-ota/lib/esp32/librpc-service-ota.a"
Sources: [/fwbuild-volumes/latest/apps/app/esp32/build_contexts/build_ctx_398655086/src/main.cpp /fwbuild-volumes/latest/apps/app/esp32/build_contexts/build_ctx_398655086/build/gen/mgos_deps_init.c /fwbuild-volumes/latest/apps/app/esp32/build_contexts/build_ctx_398655086/libs/adc/esp32/src/esp32_adc.c /fwbuild-volumes/latest/apps/app/esp32/build_contexts/build_ctx_398655086/libs/i2c/src/mgos_i2c.c /fwbuild-volumes/latest/apps/app/esp32/build_contexts/build_ctx_398655086/libs/i2c/esp32/src/esp32_i2c_master.c /fwbuild-volumes/latest/apps/app/esp32/build_contexts/build_ctx_398655086/libs/atca/src/mgos_atca.c /fwbuild-volumes/latest/apps/app/esp32/build_contexts/build_ctx_398655086/libs/atca/cryptoauthlib/lib/atca_cfgs.c /fwbuild-volumes/latest/apps/app/esp32/build_contexts/build_ctx_398655086/libs/atca/cryptoauthlib/lib/atca_command.c /fwbuild-volumes/latest/apps/app/esp32/build_contexts/build_ctx_398655086/libs/atca/cryptoauthlib/lib/atca_device.c /fwbuild-volumes/latest/apps/app/esp32/build_contexts/build_ctx_398655086/libs/atca/cryptoauthlib/lib/atca_iface.c /fwbuild-volumes/latest/apps/app/esp32/build_contexts/build_ctx_398655086/libs/atca/cryptoauthlib/lib/basic/atca_basic.c /fwbuild-volumes/latest/apps/app/esp32/build_contexts/build_ctx_398655086/libs/atca/cryptoauthlib/lib/basic/atca_helpers.c /fwbuild-volumes/latest/apps/app/esp32/build_contexts/build_ctx_398655086/libs/atca/cryptoauthlib/lib/host/atca_host.c /fwbuild-volumes/latest/apps/app/esp32/build_contexts/build_ctx_398655086/libs/vfs-common/src/mgos_vfs.c /fwbuild-volumes/latest/apps/app/esp32/build_contexts/build_ctx_398655086/libs/vfs-common/src/mgos_vfs_dev.c /fwbuild-volumes/latest/apps/app/esp32/build_contexts/build_ctx_398655086/libs/vfs-common/src/mgos_vfs_internal.c /fwbuild-volumes/latest/apps/app/esp32/build_contexts/build_ctx_398655086/libs/vfs-common/src/esp32/esp32_fs.c /fwbuild-volumes/latest/apps/app/esp32/build_contexts/build_ctx_398655086/libs/vfs-common/src/esp32/esp32_fs_crypt.c /fwbuild-volumes/latest/apps/app/esp32/build_contexts/build_ctx_398655086/libs/vfs-common/src/esp32/esp32_vfs_dev_partition.c /fwbuild-volumes/latest/apps/app/esp32/build_contexts/build_ctx_398655086/libs/vfs-fs-lfs/src/mgos_vfs_lfs.c /fwbuild-volumes/latest/apps/app/esp32/build_contexts/build_ctx_398655086/libs/vfs-fs-lfs/src/littlefs/lfs.c /fwbuild-volumes/latest/apps/app/esp32/build_contexts/build_ctx_398655086/libs/vfs-fs-lfs/src/littlefs/lfs_util.c /fwbuild-volumes/latest/apps/app/esp32/build_contexts/build_ctx_398655086/libs/vfs-fs-spiffs/src/mgos_vfs_fs_spiffs.c /fwbuild-volumes/latest/apps/app/esp32/build_contexts/build_ctx_398655086/libs/vfs-fs-spiffs/src/spiffs/spiffs_cache.c /fwbuild-volumes/latest/apps/app/esp32/build_contexts/build_ctx_398655086/libs/vfs-fs-spiffs/src/spiffs/spiffs_check.c /fwbuild-volumes/latest/apps/app/esp32/build_contexts/build_ctx_398655086/libs/vfs-fs-spiffs/src/spiffs/spiffs_gc.c /fwbuild-volumes/latest/apps/app/esp32/build_contexts/build_ctx_398655086/libs/vfs-fs-spiffs/src/spiffs/spiffs_hydrogen.c /fwbuild-volumes/latest/apps/app/esp32/build_contexts/build_ctx_398655086/libs/vfs-fs-spiffs/src/spiffs/spiffs_nucleus.c /fwbuild-volumes/latest/apps/app/esp32/build_contexts/build_ctx_398655086/libs/core/src/mgos_core.c /fwbuild-volumes/latest/apps/app/esp32/build_contexts/build_ctx_398655086/libs/mqtt/src/mgos_mqtt.c /fwbuild-volumes/latest/apps/app/esp32/build_contexts/build_ctx_398655086/libs/shadow/src/mgos_shadow.c /fwbuild-volumes/latest/apps/app/esp32/build_contexts/build_ctx_398655086/libs/aws/src/mgos_aws.c /fwbuild-volumes/latest/apps/app/esp32/build_contexts/build_ctx_398655086/libs/aws/src/mgos_aws_greengrass.c /fwbuild-volumes/latest/apps/app/esp32/build_contexts/build_ctx_398655086/libs/aws/src/mgos_aws_shadow.c /fwbuild-volumes/latest/apps/app/esp32/build_contexts/build_ctx_398655086/libs/spi/src/mgos_spi.c /fwbuild-volumes/latest/apps/app/esp32/build_contexts/build_ctx_398655086/libs/spi/src/mgos_spi_mjs.c /fwbuild-volumes/latest/apps/app/esp32/build_contexts/build_ctx_398655086/libs/spi/src/esp32/esp32_spi_master.c /fwbuild-volumes/latest/apps/app/esp32/build_contexts/build_ctx_398655086/libs/bme280/src/mgos_bme280.c /fwbuild-volumes/latest/apps/app/esp32/build_contexts/build_ctx_398655086/libs/bme280/src/mgos_bme280_c.c /fwbuild-volumes/latest/apps/app/esp32/build_contexts/build_ctx_398655086/libs/bme280/src/BME280_driver/bme280.c /fwbuild-volumes/latest/apps/app/esp32/build_contexts/build_ctx_398655086/libs/sntp/src/mgos_sntp.c /fwbuild-volumes/latest/apps/app/esp32/build_contexts/build_ctx_398655086/libs/azure/src/mgos_azure.c /fwbuild-volumes/latest/apps/app/esp32/build_contexts/build_ctx_398655086/libs/azure/src/mgos_azure_cm.c /fwbuild-volumes/latest/apps/app/esp32/build_contexts/build_ctx_398655086/libs/azure/src/mgos_azure_dm.c /fwbuild-volumes/latest/apps/app/esp32/build_contexts/build_ctx_398655086/libs/azure/src/mgos_azure_sas.c /fwbuild-volumes/latest/apps/app/esp32/build_contexts/build_ctx_398655086/libs/azure/src/mgos_azure_shadow.c /fwbuild-volumes/latest/apps/app/esp32/build_contexts/build_ctx_398655086/libs/bt-common/src/mgos_bt.c /fwbuild-volumes/latest/apps/app/esp32/build_contexts/build_ctx_398655086/libs/bt-common/src/mgos_bt_gap.c /fwbuild-volumes/latest/apps/app/esp32/build_contexts/build_ctx_398655086/libs/bt-common/src/esp32/esp32_bt.c /fwbuild-volumes/latest/apps/app/esp32/build_contexts/build_ctx_398655086/libs/bt-common/src/esp32/esp32_bt_gap.c /fwbuild-volumes/latest/apps/app/esp32/build_contexts/build_ctx_398655086/libs/bt-common/src/esp32/esp32_bt_gattc.c /fwbuild-volumes/latest/apps/app/esp32/build_contexts/build_ctx_398655086/libs/bt-common/src/esp32/esp32_bt_gatts.c /fwbuild-volumes/latest/apps/app/esp32/build_contexts/build_ctx_398655086/libs/bt-service-config/src/esp32/esp32_bt_svc_config.c /fwbuild-volumes/latest/apps/app/esp32/build_contexts/build_ctx_398655086/libs/bt-service-debug/src/esp32/esp32_bt_svc_debug.c /fwbuild-volumes/latest/apps/app/esp32/build_contexts/build_ctx_398655086/libs/rpc-common/src/mg_rpc.c /fwbuild-volumes/latest/apps/app/esp32/build_contexts/build_ctx_398655086/libs/rpc-common/src/mg_rpc_channel.c /fwbuild-volumes/latest/apps/app/esp32/build_contexts/build_ctx_398655086/libs/rpc-common/src/mg_rpc_channel_http.c /fwbuild-volumes/latest/apps/app/esp32/build_contexts/build_ctx_398655086/libs/rpc-common/src/mgos_rpc.c /fwbuild-volumes/latest/apps/app/esp32/build_contexts/build_ctx_398655086/libs/rpc-ws/src/mg_rpc_channel_ws.c /fwbuild-volumes/latest/apps/app/esp32/build_contexts/build_ctx_398655086/libs/rpc-ws/src/mgos_rpc_ws.c /fwbuild-volumes/latest/apps/app/esp32/build_contexts/build_ctx_398655086/libs/dht/src/mgos_dht.c /fwbuild-volumes/latest/apps/app/esp32/build_contexts/build_ctx_398655086/libs/http-server/src/mgos_http_server.c /fwbuild-volumes/latest/apps/app/esp32/build_contexts/build_ctx_398655086/libs/dns-sd/src/mgos_dns_sd.c /fwbuild-volumes/latest/apps/app/esp32/build_contexts/build_ctx_398655086/libs/dns-sd/src/mgos_mdns.c /fwbuild-volumes/latest/apps/app/esp32/build_contexts/build_ctx_398655086/libs/dns-sd/src/lwip/lwip_mdns.c /fwbuild-volumes/latest/apps/app/esp32/build_contexts/build_ctx_398655086/libs/esp32-touchpad/src/esp32_touchpad.c /fwbuild-volumes/latest/apps/app/esp32/build_contexts/build_ctx_398655086/libs/ethernet/src/mgos_eth.c /fwbuild-volumes/latest/apps/app/esp32/build_contexts/build_ctx_398655086/libs/ethernet/src/esp32/esp32_eth.c /fwbuild-volumes/latest/apps/app/esp32/build_contexts/build_ctx_398655086/libs/gcp/src/mgos_gcp.c /fwbuild-volumes/latest/apps/app/esp32/build_contexts/build_ctx_398655086/libs/neopixel/src/mgos_neopixel.c /fwbuild-volumes/latest/apps/app/esp32/build_contexts/build_ctx_398655086/libs/pppos/src/mgos_pppos.c /fwbuild-volumes/latest/apps/app/esp32/build_contexts/build_ctx_398655086/libs/provision/src/mgos_provision.c /fwbuild-volumes/latest/apps/app/esp32/build_contexts/build_ctx_398655086/libs/provision/src/mgos_provision_btn.c /fwbuild-volumes/latest/apps/app/esp32/build_contexts/build_ctx_398655086/libs/provision/src/mgos_provision_led.c /fwbuild-volumes/latest/apps/app/esp32/build_contexts/build_ctx_398655086/libs/provision/src/mgos_provision_state.c /fwbuild-volumes/latest/apps/app/esp32/build_contexts/build_ctx_398655086/libs/pwm/src/mgos_pwm.c /fwbuild-volumes/latest/apps/app/esp32/build_contexts/build_ctx_398655086/libs/pwm/src/mgos_pwm_rgb_led.c /fwbuild-volumes/latest/apps/app/esp32/build_contexts/build_ctx_398655086/libs/pwm/src/esp32/esp32_pwm.c /fwbuild-volumes/latest/apps/app/esp32/build_contexts/build_ctx_398655086/libs/rpc-azure/src/mgos_rpc_channel_azure_dm.c /fwbuild-volumes/latest/apps/app/esp32/build_contexts/build_ctx_398655086/libs/rpc-gatts/src/esp32/esp32_rpc_channel_gatts.c /fwbuild-volumes/latest/apps/app/esp32/build_contexts/build_ctx_398655086/libs/rpc-loopback/src/mg_rpc_channel_loopback.c /fwbuild-volumes/latest/apps/app/esp32/build_contexts/build_ctx_398655086/libs/rpc-mqtt/src/mgos_rpc_channel_mqtt.c /fwbuild-volumes/latest/apps/app/esp32/build_contexts/build_ctx_398655086/libs/rpc-service-atca/src/mgos_atca_service.c /fwbuild-volumes/latest/apps/app/esp32/build_contexts/build_ctx_398655086/libs/rpc-service-config/src/mgos_service_config.c /fwbuild-volumes/latest/apps/app/esp32/build_contexts/build_ctx_398655086/libs/rpc-service-fs/src/mgos_service_filesystem.c /fwbuild-volumes/latest/apps/app/esp32/build_contexts/build_ctx_398655086/libs/rpc-service-gpio/src/mgos_gpio_service.c /fwbuild-volumes/latest/apps/app/esp32/build_contexts/build_ctx_398655086/libs/rpc-service-i2c/src/mgos_i2c_service.c /fwbuild-volumes/latest/apps/app/esp32/build_contexts/build_ctx_398655086/libs/wifi/src/mgos_wifi.c /fwbuild-volumes/latest/apps/app/esp32/build_contexts/build_ctx_398655086/libs/wifi/src/mjs_wifi.c /fwbuild-volumes/latest/apps/app/esp32/build_contexts/build_ctx_398655086/libs/wifi/esp32/src/esp32_wifi.c /fwbuild-volumes/latest/apps/app/esp32/build_contexts/build_ctx_398655086/libs/rpc-service-wifi/src/mgos_rpc_service_wifi.c /fwbuild-volumes/latest/apps/app/esp32/build_contexts/build_ctx_398655086/libs/rpc-uart/src/mgos_rpc_channel_uart.c /fwbuild-volumes/latest/apps/app/esp32/build_contexts/build_ctx_398655086/libs/vfs-dev-spi-flash/src/mgos_vfs_dev_spi_flash.c /fwbuild-volumes/latest/apps/app/esp32/build_contexts/build_ctx_398655086/libs/watson/src/mgos_watson.c /fwbuild-volumes/latest/apps/app/esp32/build_contexts/build_ctx_398655086/libs/demo-bundle/src/mgos_demo_bundle.c]
Include dirs: [/fwbuild-volumes/latest/apps/app/esp32/build_contexts/build_ctx_398655086/libs/adc/include /fwbuild-volumes/latest/apps/app/esp32/build_contexts/build_ctx_398655086/libs/i2c/include /fwbuild-volumes/latest/apps/app/esp32/build_contexts/build_ctx_398655086/libs/atca/include /fwbuild-volumes/latest/apps/app/esp32/build_contexts/build_ctx_398655086/libs/atca/cryptoauthlib/lib /fwbuild-volumes/latest/apps/app/esp32/build_contexts/build_ctx_398655086/libs/mbedtls/include /fwbuild-volumes/latest/apps/app/esp32/build_contexts/build_ctx_398655086/libs/mbedtls/include/esp32 /fwbuild-volumes/latest/apps/app/esp32/build_contexts/build_ctx_398655086/libs/mbedtls/mbedtls/include /fwbuild-volumes/latest/apps/app/esp32/build_contexts/build_ctx_398655086/libs/vfs-common/include /fwbuild-volumes/latest/apps/app/esp32/build_contexts/build_ctx_398655086/libs/vfs-common/include/esp32 /fwbuild-volumes/latest/apps/app/esp32/build_contexts/build_ctx_398655086/libs/mongoose/include /fwbuild-volumes/latest/apps/app/esp32/build_contexts/build_ctx_398655086/libs/vfs-fs-lfs/include /fwbuild-volumes/latest/apps/app/esp32/build_contexts/build_ctx_398655086/libs/vfs-fs-spiffs/include /fwbuild-volumes/latest/apps/app/esp32/build_contexts/build_ctx_398655086/libs/vfs-fs-spiffs/include/spiffs /fwbuild-volumes/latest/apps/app/esp32/build_contexts/build_ctx_398655086/libs/vfs-fs-spiffs/include/esp32 /fwbuild-volumes/latest/apps/app/esp32/build_contexts/build_ctx_398655086/libs/core/include /fwbuild-volumes/latest/apps/app/esp32/build_contexts/build_ctx_398655086/libs/core/include/esp32 /fwbuild-volumes/latest/apps/app/esp32/build_contexts/build_ctx_398655086/libs/mqtt/include /fwbuild-volumes/latest/apps/app/esp32/build_contexts/build_ctx_398655086/libs/shadow/include /fwbuild-volumes/latest/apps/app/esp32/build_contexts/build_ctx_398655086/libs/aws/include /fwbuild-volumes/latest/apps/app/esp32/build_contexts/build_ctx_398655086/libs/spi/include /fwbuild-volumes/latest/apps/app/esp32/build_contexts/build_ctx_398655086/libs/bme280/include /fwbuild-volumes/latest/apps/app/esp32/build_contexts/build_ctx_398655086/libs/azure/include /fwbuild-volumes/latest/apps/app/esp32/build_contexts/build_ctx_398655086/libs/bt-common/include /fwbuild-volumes/latest/apps/app/esp32/build_contexts/build_ctx_398655086/libs/bt-common/include/esp32 /fwbuild-volumes/latest/apps/app/esp32/build_contexts/build_ctx_398655086/libs/ota-common/include /fwbuild-volumes/latest/apps/app/esp32/build_contexts/build_ctx_398655086/libs/ota-common/include/esp32 /fwbuild-volumes/latest/apps/app/esp32/build_contexts/build_ctx_398655086/libs/ota-http-client/include /fwbuild-volumes/latest/apps/app/esp32/build_contexts/build_ctx_398655086/libs/rpc-common/include /fwbuild-volumes/latest/apps/app/esp32/build_contexts/build_ctx_398655086/libs/rpc-ws/include /fwbuild-volumes/latest/apps/app/esp32/build_contexts/build_ctx_398655086/libs/dash/include /fwbuild-volumes/latest/apps/app/esp32/build_contexts/build_ctx_398655086/libs/dht/include /fwbuild-volumes/latest/apps/app/esp32/build_contexts/build_ctx_398655086/libs/http-server/include /fwbuild-volumes/latest/apps/app/esp32/build_contexts/build_ctx_398655086/libs/dns-sd/include /fwbuild-volumes/latest/apps/app/esp32/build_contexts/build_ctx_398655086/libs/gcp/include /fwbuild-volumes/latest/apps/app/esp32/build_contexts/build_ctx_398655086/libs/neopixel/include /fwbuild-volumes/latest/apps/app/esp32/build_contexts/build_ctx_398655086/libs/provision/include /fwbuild-volumes/latest/apps/app/esp32/build_contexts/build_ctx_398655086/libs/pwm/include /fwbuild-volumes/latest/apps/app/esp32/build_contexts/build_ctx_398655086/libs/rpc-loopback/include /fwbuild-volumes/latest/apps/app/esp32/build_contexts/build_ctx_398655086/libs/rpc-mqtt/include /fwbuild-volumes/latest/apps/app/esp32/build_contexts/build_ctx_398655086/libs/rpc-service-config/include /fwbuild-volumes/latest/apps/app/esp32/build_contexts/build_ctx_398655086/libs/rpc-service-fs/include /fwbuild-volumes/latest/apps/app/esp32/build_contexts/build_ctx_398655086/libs/rpc-service-gpio/include /fwbuild-volumes/latest/apps/app/esp32/build_contexts/build_ctx_398655086/libs/rpc-service-i2c/include /fwbuild-volumes/latest/apps/app/esp32/build_contexts/build_ctx_398655086/libs/rpc-service-ota/include /fwbuild-volumes/latest/apps/app/esp32/build_contexts/build_ctx_398655086/libs/wifi/include /fwbuild-volumes/latest/apps/app/esp32/build_contexts/build_ctx_398655086/libs/wifi/esp32/include /fwbuild-volumes/latest/apps/app/esp32/build_contexts/build_ctx_398655086/libs/rpc-uart/include /fwbuild-volumes/latest/apps/app/esp32/build_contexts/build_ctx_398655086/libs/vfs-dev-spi-flash/include /fwbuild-volumes/latest/apps/app/esp32/build_contexts/build_ctx_398655086/libs/watson/include]
Binary libs: [/fwbuild-volumes/latest/apps/app/esp32/build_contexts/build_ctx_398655086/libs/mbedtls/lib/esp32/libmbedtls.a /fwbuild-volumes/latest/apps/app/esp32/build_contexts/build_ctx_398655086/libs/mongoose/lib/esp32/libmongoose.a /fwbuild-volumes/latest/apps/app/esp32/build_contexts/build_ctx_398655086/libs/ota-common/lib/esp32/libota-common.a /fwbuild-volumes/latest/apps/app/esp32/build_contexts/build_ctx_398655086/libs/ota-http-client/lib/esp32/libota-http-client.a /fwbuild-volumes/latest/apps/app/esp32/build_contexts/build_ctx_398655086/libs/ota-shadow/lib/esp32/libota-shadow.a /fwbuild-volumes/latest/apps/app/esp32/build_contexts/build_ctx_398655086/libs/dash/lib/esp32/libdash.a /fwbuild-volumes/latest/apps/app/esp32/build_contexts/build_ctx_398655086/libs/ota-http-server/lib/esp32/libota-http-server.a /fwbuild-volumes/latest/apps/app/esp32/build_contexts/build_ctx_398655086/libs/rpc-service-ota/lib/esp32/librpc-service-ota.a]
Building...
mount from "/fwbuild-volumes/latest/apps/app/esp32/build_contexts/build_ctx_398655086" to "/app"
mount from "/fwbuild-volumes/latest/apps/app/esp32/build_contexts/build_ctx_398655086/modules/mongoose-os" to "/mongoose-os"
mount from "/fwbuild-volumes/latest/apps/app/esp32/build_contexts/build_ctx_398655086/modules/mongoose-os" to "/fwbuild-volumes/latest/apps/app/esp32/build_contexts/build_ctx_398655086/modules/mongoose-os"
mount from "/fwbuild-volumes/latest/apps/app/esp32/build_contexts/build_ctx_398655086/build" to "/fwbuild-volumes/latest/apps/app/esp32/build_contexts/build_ctx_398655086/build"
mount from "/fwbuild-volumes/latest/apps/app/esp32/build_contexts/build_ctx_398655086/src" to "/fwbuild-volumes/latest/apps/app/esp32/build_contexts/build_ctx_398655086/src"
mount from "/fwbuild-volumes/latest/apps/app/esp32/build_contexts/build_ctx_398655086/build/gen" to "/fwbuild-volumes/latest/apps/app/esp32/build_contexts/build_ctx_398655086/build/gen"
mount from "/fwbuild-volumes/latest/apps/app/esp32/build_contexts/build_ctx_398655086/libs/adc/esp32/src" to "/fwbuild-volumes/latest/apps/app/esp32/build_contexts/build_ctx_398655086/libs/adc/esp32/src"
mount from "/fwbuild-volumes/latest/apps/app/esp32/build_contexts/build_ctx_398655086/libs/i2c/src" to "/fwbuild-volumes/latest/apps/app/esp32/build_contexts/build_ctx_398655086/libs/i2c/src"
mount from "/fwbuild-volumes/latest/apps/app/esp32/build_contexts/build_ctx_398655086/libs/i2c/esp32/src" to "/fwbuild-volumes/latest/apps/app/esp32/build_contexts/build_ctx_398655086/libs/i2c/esp32/src"
mount from "/fwbuild-volumes/latest/apps/app/esp32/build_contexts/build_ctx_398655086/libs/atca/src" to "/fwbuild-volumes/latest/apps/app/esp32/build_contexts/build_ctx_398655086/libs/atca/src"
mount from "/fwbuild-volumes/latest/apps/app/esp32/build_contexts/build_ctx_398655086/libs/atca/cryptoauthlib/lib" to "/fwbuild-volumes/latest/apps/app/esp32/build_contexts/build_ctx_398655086/libs/atca/cryptoauthlib/lib"
mount from "/fwbuild-volumes/latest/apps/app/esp32/build_contexts/build_ctx_398655086/libs/atca/cryptoauthlib/lib/basic" to "/fwbuild-volumes/latest/apps/app/esp32/build_contexts/build_ctx_398655086/libs/atca/cryptoauthlib/lib/basic"
mount from "/fwbuild-volumes/latest/apps/app/esp32/build_contexts/build_ctx_398655086/libs/atca/cryptoauthlib/lib/crypto" to "/fwbuild-volumes/latest/apps/app/esp32/build_contexts/build_ctx_398655086/libs/atca/cryptoauthlib/lib/crypto"
mount from "/fwbuild-volumes/latest/apps/app/esp32/build_contexts/build_ctx_398655086/libs/atca/cryptoauthlib/lib/hal" to "/fwbuild-volumes/latest/apps/app/esp32/build_contexts/build_ctx_398655086/libs/atca/cryptoauthlib/lib/hal"
mount from "/fwbuild-volumes/latest/apps/app/esp32/build_contexts/build_ctx_398655086/libs/atca/cryptoauthlib/lib/host" to "/fwbuild-volumes/latest/apps/app/esp32/build_contexts/build_ctx_398655086/libs/atca/cryptoauthlib/lib/host"
mount from "/fwbuild-volumes/latest/apps/app/esp32/build_contexts/build_ctx_398655086/libs/vfs-common/src" to "/fwbuild-volumes/latest/apps/app/esp32/build_contexts/build_ctx_398655086/libs/vfs-common/src"
mount from "/fwbuild-volumes/latest/apps/app/esp32/build_contexts/build_ctx_398655086/libs/vfs-common/src/esp32" to "/fwbuild-volumes/latest/apps/app/esp32/build_contexts/build_ctx_398655086/libs/vfs-common/src/esp32"
mount from "/fwbuild-volumes/latest/apps/app/esp32/build_contexts/build_ctx_398655086/libs/vfs-fs-lfs/src" to "/fwbuild-volumes/latest/apps/app/esp32/build_contexts/build_ctx_398655086/libs/vfs-fs-lfs/src"
mount from "/fwbuild-volumes/latest/apps/app/esp32/build_contexts/build_ctx_398655086/libs/vfs-fs-lfs/src/littlefs" to "/fwbuild-volumes/latest/apps/app/esp32/build_contexts/build_ctx_398655086/libs/vfs-fs-lfs/src/littlefs"
mount from "/fwbuild-volumes/latest/apps/app/esp32/build_contexts/build_ctx_398655086/libs/vfs-fs-spiffs/src" to "/fwbuild-volumes/latest/apps/app/esp32/build_contexts/build_ctx_398655086/libs/vfs-fs-spiffs/src"
mount from "/fwbuild-volumes/latest/apps/app/esp32/build_contexts/build_ctx_398655086/libs/vfs-fs-spiffs/src/spiffs" to "/fwbuild-volumes/latest/apps/app/esp32/build_contexts/build_ctx_398655086/libs/vfs-fs-spiffs/src/spiffs"
mount from "/fwbuild-volumes/latest/apps/app/esp32/build_contexts/build_ctx_398655086/libs/core/src" to "/fwbuild-volumes/latest/apps/app/esp32/build_contexts/build_ctx_398655086/libs/core/src"
mount from "/fwbuild-volumes/latest/apps/app/esp32/build_contexts/build_ctx_398655086/libs/mqtt/src" to "/fwbuild-volumes/latest/apps/app/esp32/build_contexts/build_ctx_398655086/libs/mqtt/src"
mount from "/fwbuild-volumes/latest/apps/app/esp32/build_contexts/build_ctx_398655086/libs/shadow/src" to "/fwbuild-volumes/latest/apps/app/esp32/build_contexts/build_ctx_398655086/libs/shadow/src"
mount from "/fwbuild-volumes/latest/apps/app/esp32/build_contexts/build_ctx_398655086/libs/aws/src" to "/fwbuild-volumes/latest/apps/app/esp32/build_contexts/build_ctx_398655086/libs/aws/src"
mount from "/fwbuild-volumes/latest/apps/app/esp32/build_contexts/build_ctx_398655086/libs/spi/src" to "/fwbuild-volumes/latest/apps/app/esp32/build_contexts/build_ctx_398655086/libs/spi/src"
mount from "/fwbuild-volumes/latest/apps/app/esp32/build_contexts/build_ctx_398655086/libs/spi/src/esp32" to "/fwbuild-volumes/latest/apps/app/esp32/build_contexts/build_ctx_398655086/libs/spi/src/esp32"
mount from "/fwbuild-volumes/latest/apps/app/esp32/build_contexts/build_ctx_398655086/libs/bme280/src" to "/fwbuild-volumes/latest/apps/app/esp32/build_contexts/build_ctx_398655086/libs/bme280/src"
mount from "/fwbuild-volumes/latest/apps/app/esp32/build_contexts/build_ctx_398655086/libs/bme280/src/BME280_driver" to "/fwbuild-volumes/latest/apps/app/esp32/build_contexts/build_ctx_398655086/libs/bme280/src/BME280_driver"
mount from "/fwbuild-volumes/latest/apps/app/esp32/build_contexts/build_ctx_398655086/libs/sntp/src" to "/fwbuild-volumes/latest/apps/app/esp32/build_contexts/build_ctx_398655086/libs/sntp/src"
mount from "/fwbuild-volumes/latest/apps/app/esp32/build_contexts/build_ctx_398655086/libs/azure/src" to "/fwbuild-volumes/latest/apps/app/esp32/build_contexts/build_ctx_398655086/libs/azure/src"
mount from "/fwbuild-volumes/latest/apps/app/esp32/build_contexts/build_ctx_398655086/libs/bt-common/src" to "/fwbuild-volumes/latest/apps/app/esp32/build_contexts/build_ctx_398655086/libs/bt-common/src"
mount from "/fwbuild-volumes/latest/apps/app/esp32/build_contexts/build_ctx_398655086/libs/bt-common/src/esp32" to "/fwbuild-volumes/latest/apps/app/esp32/build_contexts/build_ctx_398655086/libs/bt-common/src/esp32"
mount from "/fwbuild-volumes/latest/apps/app/esp32/build_contexts/build_ctx_398655086/libs/bt-service-config/src/esp32" to "/fwbuild-volumes/latest/apps/app/esp32/build_contexts/build_ctx_398655086/libs/bt-service-config/src/esp32"
mount from "/fwbuild-volumes/latest/apps/app/esp32/build_contexts/build_ctx_398655086/libs/bt-service-debug/src/esp32" to "/fwbuild-volumes/latest/apps/app/esp32/build_contexts/build_ctx_398655086/libs/bt-service-debug/src/esp32"
mount from "/fwbuild-volumes/latest/apps/app/esp32/build_contexts/build_ctx_398655086/libs/rpc-common/src" to "/fwbuild-volumes/latest/apps/app/esp32/build_contexts/build_ctx_398655086/libs/rpc-common/src"
mount from "/fwbuild-volumes/latest/apps/app/esp32/build_contexts/build_ctx_398655086/libs/rpc-ws/src" to "/fwbuild-volumes/latest/apps/app/esp32/build_contexts/build_ctx_398655086/libs/rpc-ws/src"
mount from "/fwbuild-volumes/latest/apps/app/esp32/build_contexts/build_ctx_398655086/libs/dht/src" to "/fwbuild-volumes/latest/apps/app/esp32/build_contexts/build_ctx_398655086/libs/dht/src"
mount from "/fwbuild-volumes/latest/apps/app/esp32/build_contexts/build_ctx_398655086/libs/http-server/src" to "/fwbuild-volumes/latest/apps/app/esp32/build_contexts/build_ctx_398655086/libs/http-server/src"
mount from "/fwbuild-volumes/latest/apps/app/esp32/build_contexts/build_ctx_398655086/libs/dns-sd/src" to "/fwbuild-volumes/latest/apps/app/esp32/build_contexts/build_ctx_398655086/libs/dns-sd/src"
mount from "/fwbuild-volumes/latest/apps/app/esp32/build_contexts/build_ctx_398655086/libs/dns-sd/src/lwip" to "/fwbuild-volumes/latest/apps/app/esp32/build_contexts/build_ctx_398655086/libs/dns-sd/src/lwip"
mount from "/fwbuild-volumes/latest/apps/app/esp32/build_contexts/build_ctx_398655086/libs/esp32-touchpad/src" to "/fwbuild-volumes/latest/apps/app/esp32/build_contexts/build_ctx_398655086/libs/esp32-touchpad/src"
mount from "/fwbuild-volumes/latest/apps/app/esp32/build_contexts/build_ctx_398655086/libs/ethernet/src" to "/fwbuild-volumes/latest/apps/app/esp32/build_contexts/build_ctx_398655086/libs/ethernet/src"
mount from "/fwbuild-volumes/latest/apps/app/esp32/build_contexts/build_ctx_398655086/libs/ethernet/src/esp32" to "/fwbuild-volumes/latest/apps/app/esp32/build_contexts/build_ctx_398655086/libs/ethernet/src/esp32"
mount from "/fwbuild-volumes/latest/apps/app/esp32/build_contexts/build_ctx_398655086/libs/gcp/src" to "/fwbuild-volumes/latest/apps/app/esp32/build_contexts/build_ctx_398655086/libs/gcp/src"
mount from "/fwbuild-volumes/latest/apps/app/esp32/build_contexts/build_ctx_398655086/libs/neopixel/src" to "/fwbuild-volumes/latest/apps/app/esp32/build_contexts/build_ctx_398655086/libs/neopixel/src"
mount from "/fwbuild-volumes/latest/apps/app/esp32/build_contexts/build_ctx_398655086/libs/pppos/src" to "/fwbuild-volumes/latest/apps/app/esp32/build_contexts/build_ctx_398655086/libs/pppos/src"
mount from "/fwbuild-volumes/latest/apps/app/esp32/build_contexts/build_ctx_398655086/libs/provision/src" to "/fwbuild-volumes/latest/apps/app/esp32/build_contexts/build_ctx_398655086/libs/provision/src"
mount from "/fwbuild-volumes/latest/apps/app/esp32/build_contexts/build_ctx_398655086/libs/pwm/src" to "/fwbuild-volumes/latest/apps/app/esp32/build_contexts/build_ctx_398655086/libs/pwm/src"
mount from "/fwbuild-volumes/latest/apps/app/esp32/build_contexts/build_ctx_398655086/libs/pwm/src/esp32" to "/fwbuild-volumes/latest/apps/app/esp32/build_contexts/build_ctx_398655086/libs/pwm/src/esp32"
mount from "/fwbuild-volumes/latest/apps/app/esp32/build_contexts/build_ctx_398655086/libs/rpc-azure/src" to "/fwbuild-volumes/latest/apps/app/esp32/build_contexts/build_ctx_398655086/libs/rpc-azure/src"
mount from "/fwbuild-volumes/latest/apps/app/esp32/build_contexts/build_ctx_398655086/libs/rpc-gatts/src/esp32" to "/fwbuild-volumes/latest/apps/app/esp32/build_contexts/build_ctx_398655086/libs/rpc-gatts/src/esp32"
mount from "/fwbuild-volumes/latest/apps/app/esp32/build_contexts/build_ctx_398655086/libs/rpc-loopback/src" to "/fwbuild-volumes/latest/apps/app/esp32/build_contexts/build_ctx_398655086/libs/rpc-loopback/src"
mount from "/fwbuild-volumes/latest/apps/app/esp32/build_contexts/build_ctx_398655086/libs/rpc-mqtt/src" to "/fwbuild-volumes/latest/apps/app/esp32/build_contexts/build_ctx_398655086/libs/rpc-mqtt/src"
mount from "/fwbuild-volumes/latest/apps/app/esp32/build_contexts/build_ctx_398655086/libs/rpc-service-atca/src" to "/fwbuild-volumes/latest/apps/app/esp32/build_contexts/build_ctx_398655086/libs/rpc-service-atca/src"
mount from "/fwbuild-volumes/latest/apps/app/esp32/build_contexts/build_ctx_398655086/libs/rpc-service-config/src" to "/fwbuild-volumes/latest/apps/app/esp32/build_contexts/build_ctx_398655086/libs/rpc-service-config/src"
mount from "/fwbuild-volumes/latest/apps/app/esp32/build_contexts/build_ctx_398655086/libs/rpc-service-fs/src" to "/fwbuild-volumes/latest/apps/app/esp32/build_contexts/build_ctx_398655086/libs/rpc-service-fs/src"
mount from "/fwbuild-volumes/latest/apps/app/esp32/build_contexts/build_ctx_398655086/libs/rpc-service-gpio/src" to "/fwbuild-volumes/latest/apps/app/esp32/build_contexts/build_ctx_398655086/libs/rpc-service-gpio/src"
mount from "/fwbuild-volumes/latest/apps/app/esp32/build_contexts/build_ctx_398655086/libs/rpc-service-i2c/src" to "/fwbuild-volumes/latest/apps/app/esp32/build_contexts/build_ctx_398655086/libs/rpc-service-i2c/src"
mount from "/fwbuild-volumes/latest/apps/app/esp32/build_contexts/build_ctx_398655086/libs/wifi/src" to "/fwbuild-volumes/latest/apps/app/esp32/build_contexts/build_ctx_398655086/libs/wifi/src"
mount from "/fwbuild-volumes/latest/apps/app/esp32/build_contexts/build_ctx_398655086/libs/wifi/esp32/src" to "/fwbuild-volumes/latest/apps/app/esp32/build_contexts/build_ctx_398655086/libs/wifi/esp32/src"
mount from "/fwbuild-volumes/latest/apps/app/esp32/build_contexts/build_ctx_398655086/libs/rpc-service-wifi/src" to "/fwbuild-volumes/latest/apps/app/esp32/build_contexts/build_ctx_398655086/libs/rpc-service-wifi/src"
mount from "/fwbuild-volumes/latest/apps/app/esp32/build_contexts/build_ctx_398655086/libs/rpc-uart/src" to "/fwbuild-volumes/latest/apps/app/esp32/build_contexts/build_ctx_398655086/libs/rpc-uart/src"
mount from "/fwbuild-volumes/latest/apps/app/esp32/build_contexts/build_ctx_398655086/libs/vfs-dev-spi-flash/src" to "/fwbuild-volumes/latest/apps/app/esp32/build_contexts/build_ctx_398655086/libs/vfs-dev-spi-flash/src"
mount from "/fwbuild-volumes/latest/apps/app/esp32/build_contexts/build_ctx_398655086/libs/watson/src" to "/fwbuild-volumes/latest/apps/app/esp32/build_contexts/build_ctx_398655086/libs/watson/src"
mount from "/fwbuild-volumes/latest/apps/app/esp32/build_contexts/build_ctx_398655086/libs/demo-bundle/src" to "/fwbuild-volumes/latest/apps/app/esp32/build_contexts/build_ctx_398655086/libs/demo-bundle/src"
mount from "/fwbuild-volumes/latest/apps/app/esp32/build_contexts/build_ctx_398655086/libs/adc/include" to "/fwbuild-volumes/latest/apps/app/esp32/build_contexts/build_ctx_398655086/libs/adc/include"
mount from "/fwbuild-volumes/latest/apps/app/esp32/build_contexts/build_ctx_398655086/libs/i2c/include" to "/fwbuild-volumes/latest/apps/app/esp32/build_contexts/build_ctx_398655086/libs/i2c/include"
mount from "/fwbuild-volumes/latest/apps/app/esp32/build_contexts/build_ctx_398655086/libs/atca/include" to "/fwbuild-volumes/latest/apps/app/esp32/build_contexts/build_ctx_398655086/libs/atca/include"
mount from "/fwbuild-volumes/latest/apps/app/esp32/build_contexts/build_ctx_398655086/libs/atca/cryptoauthlib/lib" to "/fwbuild-volumes/latest/apps/app/esp32/build_contexts/build_ctx_398655086/libs/atca/cryptoauthlib/lib"
mount from "/fwbuild-volumes/latest/apps/app/esp32/build_contexts/build_ctx_398655086/libs/mbedtls/include" to "/fwbuild-volumes/latest/apps/app/esp32/build_contexts/build_ctx_398655086/libs/mbedtls/include"
mount from "/fwbuild-volumes/latest/apps/app/esp32/build_contexts/build_ctx_398655086/libs/mbedtls/include/esp32" to "/fwbuild-volumes/latest/apps/app/esp32/build_contexts/build_ctx_398655086/libs/mbedtls/include/esp32"
mount from "/fwbuild-volumes/latest/apps/app/esp32/build_contexts/build_ctx_398655086/libs/mbedtls/mbedtls/include" to "/fwbuild-volumes/latest/apps/app/esp32/build_contexts/build_ctx_398655086/libs/mbedtls/mbedtls/include"
mount from "/fwbuild-volumes/latest/apps/app/esp32/build_contexts/build_ctx_398655086/libs/vfs-common/include" to "/fwbuild-volumes/latest/apps/app/esp32/build_contexts/build_ctx_398655086/libs/vfs-common/include"
mount from "/fwbuild-volumes/latest/apps/app/esp32/build_contexts/build_ctx_398655086/libs/vfs-common/include/esp32" to "/fwbuild-volumes/latest/apps/app/esp32/build_contexts/build_ctx_398655086/libs/vfs-common/include/esp32"
mount from "/fwbuild-volumes/latest/apps/app/esp32/build_contexts/build_ctx_398655086/libs/mongoose/include" to "/fwbuild-volumes/latest/apps/app/esp32/build_contexts/build_ctx_398655086/libs/mongoose/include"
mount from "/fwbuild-volumes/latest/apps/app/esp32/build_contexts/build_ctx_398655086/libs/vfs-fs-lfs/include" to "/fwbuild-volumes/latest/apps/app/esp32/build_contexts/build_ctx_398655086/libs/vfs-fs-lfs/include"
mount from "/fwbuild-volumes/latest/apps/app/esp32/build_contexts/build_ctx_398655086/libs/vfs-fs-spiffs/include" to "/fwbuild-volumes/latest/apps/app/esp32/build_contexts/build_ctx_398655086/libs/vfs-fs-spiffs/include"
mount from "/fwbuild-volumes/latest/apps/app/esp32/build_contexts/build_ctx_398655086/libs/vfs-fs-spiffs/include/spiffs" to "/fwbuild-volumes/latest/apps/app/esp32/build_contexts/build_ctx_398655086/libs/vfs-fs-spiffs/include/spiffs"
mount from "/fwbuild-volumes/latest/apps/app/esp32/build_contexts/build_ctx_398655086/libs/vfs-fs-spiffs/include/esp32" to "/fwbuild-volumes/latest/apps/app/esp32/build_contexts/build_ctx_398655086/libs/vfs-fs-spiffs/include/esp32"
mount from "/fwbuild-volumes/latest/apps/app/esp32/build_contexts/build_ctx_398655086/libs/core/include" to "/fwbuild-volumes/latest/apps/app/esp32/build_contexts/build_ctx_398655086/libs/core/include"
mount from "/fwbuild-volumes/latest/apps/app/esp32/build_contexts/build_ctx_398655086/libs/mqtt/include" to "/fwbuild-volumes/latest/apps/app/esp32/build_contexts/build_ctx_398655086/libs/mqtt/include"
mount from "/fwbuild-volumes/latest/apps/app/esp32/build_contexts/build_ctx_398655086/libs/shadow/include" to "/fwbuild-volumes/latest/apps/app/esp32/build_contexts/build_ctx_398655086/libs/shadow/include"
mount from "/fwbuild-volumes/latest/apps/app/esp32/build_contexts/build_ctx_398655086/libs/aws/include" to "/fwbuild-volumes/latest/apps/app/esp32/build_contexts/build_ctx_398655086/libs/aws/include"
mount from "/fwbuild-volumes/latest/apps/app/esp32/build_contexts/build_ctx_398655086/libs/spi/include" to "/fwbuild-volumes/latest/apps/app/esp32/build_contexts/build_ctx_398655086/libs/spi/include"
mount from "/fwbuild-volumes/latest/apps/app/esp32/build_contexts/build_ctx_398655086/libs/bme280/include" to "/fwbuild-volumes/latest/apps/app/esp32/build_contexts/build_ctx_398655086/libs/bme280/include"
mount from "/fwbuild-volumes/latest/apps/app/esp32/build_contexts/build_ctx_398655086/libs/azure/include" to "/fwbuild-volumes/latest/apps/app/esp32/build_contexts/build_ctx_398655086/libs/azure/include"
mount from "/fwbuild-volumes/latest/apps/app/esp32/build_contexts/build_ctx_398655086/libs/bt-common/include" to "/fwbuild-volumes/latest/apps/app/esp32/build_contexts/build_ctx_398655086/libs/bt-common/include"
mount from "/fwbuild-volumes/latest/apps/app/esp32/build_contexts/build_ctx_398655086/libs/bt-common/include/esp32" to "/fwbuild-volumes/latest/apps/app/esp32/build_contexts/build_ctx_398655086/libs/bt-common/include/esp32"
mount from "/fwbuild-volumes/latest/apps/app/esp32/build_contexts/build_ctx_398655086/libs/ota-common/include" to "/fwbuild-volumes/latest/apps/app/esp32/build_contexts/build_ctx_398655086/libs/ota-common/include"
mount from "/fwbuild-volumes/latest/apps/app/esp32/build_contexts/build_ctx_398655086/libs/ota-common/include/esp32" to "/fwbuild-volumes/latest/apps/app/esp32/build_contexts/build_ctx_398655086/libs/ota-common/include/esp32"
mount from "/fwbuild-volumes/latest/apps/app/esp32/build_contexts/build_ctx_398655086/libs/ota-http-client/include" to "/fwbuild-volumes/latest/apps/app/esp32/build_contexts/build_ctx_398655086/libs/ota-http-client/include"
mount from "/fwbuild-volumes/latest/apps/app/esp32/build_contexts/build_ctx_398655086/libs/rpc-common/include" to "/fwbuild-volumes/latest/apps/app/esp32/build_contexts/build_ctx_398655086/libs/rpc-common/include"
mount from "/fwbuild-volumes/latest/apps/app/esp32/build_contexts/build_ctx_398655086/libs/rpc-ws/include" to "/fwbuild-volumes/latest/apps/app/esp32/build_contexts/build_ctx_398655086/libs/rpc-ws/include"
mount from "/fwbuild-volumes/latest/apps/app/esp32/build_contexts/build_ctx_398655086/libs/dash/include" to "/fwbuild-volumes/latest/apps/app/esp32/build_contexts/build_ctx_398655086/libs/dash/include"
mount from "/fwbuild-volumes/latest/apps/app/esp32/build_contexts/build_ctx_398655086/libs/dht/include" to "/fwbuild-volumes/latest/apps/app/esp32/build_contexts/build_ctx_398655086/libs/dht/include"
mount from "/fwbuild-volumes/latest/apps/app/esp32/build_contexts/build_ctx_398655086/libs/http-server/include" to "/fwbuild-volumes/latest/apps/app/esp32/build_contexts/build_ctx_398655086/libs/http-server/include"
mount from "/fwbuild-volumes/latest/apps/app/esp32/build_contexts/build_ctx_398655086/libs/dns-sd/include" to "/fwbuild-volumes/latest/apps/app/esp32/build_contexts/build_ctx_398655086/libs/dns-sd/include"
mount from "/fwbuild-volumes/latest/apps/app/esp32/build_contexts/build_ctx_398655086/libs/gcp/include" to "/fwbuild-volumes/latest/apps/app/esp32/build_contexts/build_ctx_398655086/libs/gcp/include"
mount from "/fwbuild-volumes/latest/apps/app/esp32/build_contexts/build_ctx_398655086/libs/neopixel/include" to "/fwbuild-volumes/latest/apps/app/esp32/build_contexts/build_ctx_398655086/libs/neopixel/include"
mount from "/fwbuild-volumes/latest/apps/app/esp32/build_contexts/build_ctx_398655086/libs/provision/include" to "/fwbuild-volumes/latest/apps/app/esp32/build_contexts/build_ctx_398655086/libs/provision/include"
mount from "/fwbuild-volumes/latest/apps/app/esp32/build_contexts/build_ctx_398655086/libs/pwm/include" to "/fwbuild-volumes/latest/apps/app/esp32/build_contexts/build_ctx_398655086/libs/pwm/include"
mount from "/fwbuild-volumes/latest/apps/app/esp32/build_contexts/build_ctx_398655086/libs/rpc-loopback/include" to "/fwbuild-volumes/latest/apps/app/esp32/build_contexts/build_ctx_398655086/libs/rpc-loopback/include"
mount from "/fwbuild-volumes/latest/apps/app/esp32/build_contexts/build_ctx_398655086/libs/rpc-mqtt/include" to "/fwbuild-volumes/latest/apps/app/esp32/build_contexts/build_ctx_398655086/libs/rpc-mqtt/include"
mount from "/fwbuild-volumes/latest/apps/app/esp32/build_contexts/build_ctx_398655086/libs/rpc-service-config/include" to "/fwbuild-volumes/latest/apps/app/esp32/build_contexts/build_ctx_398655086/libs/rpc-service-config/include"
mount from "/fwbuild-volumes/latest/apps/app/esp32/build_contexts/build_ctx_398655086/libs/rpc-service-fs/include" to "/fwbuild-volumes/latest/apps/app/esp32/build_contexts/build_ctx_398655086/libs/rpc-service-fs/include"
mount from "/fwbuild-volumes/latest/apps/app/esp32/build_contexts/build_ctx_398655086/libs/rpc-service-gpio/include" to "/fwbuild-volumes/latest/apps/app/esp32/build_contexts/build_ctx_398655086/libs/rpc-service-gpio/include"
mount from "/fwbuild-volumes/latest/apps/app/esp32/build_contexts/build_ctx_398655086/libs/rpc-service-i2c/include" to "/fwbuild-volumes/latest/apps/app/esp32/build_contexts/build_ctx_398655086/libs/rpc-service-i2c/include"
mount from "/fwbuild-volumes/latest/apps/app/esp32/build_contexts/build_ctx_398655086/libs/rpc-service-ota/include" to "/fwbuild-volumes/latest/apps/app/esp32/build_contexts/build_ctx_398655086/libs/rpc-service-ota/include"
mount from "/fwbuild-volumes/latest/apps/app/esp32/build_contexts/build_ctx_398655086/libs/wifi/include" to "/fwbuild-volumes/latest/apps/app/esp32/build_contexts/build_ctx_398655086/libs/wifi/include"
mount from "/fwbuild-volumes/latest/apps/app/esp32/build_contexts/build_ctx_398655086/libs/wifi/esp32/include" to "/fwbuild-volumes/latest/apps/app/esp32/build_contexts/build_ctx_398655086/libs/wifi/esp32/include"
mount from "/fwbuild-volumes/latest/apps/app/esp32/build_contexts/build_ctx_398655086/libs/rpc-uart/include" to "/fwbuild-volumes/latest/apps/app/esp32/build_contexts/build_ctx_398655086/libs/rpc-uart/include"
mount from "/fwbuild-volumes/latest/apps/app/esp32/build_contexts/build_ctx_398655086/libs/vfs-dev-spi-flash/include" to "/fwbuild-volumes/latest/apps/app/esp32/build_contexts/build_ctx_398655086/libs/vfs-dev-spi-flash/include"
mount from "/fwbuild-volumes/latest/apps/app/esp32/build_contexts/build_ctx_398655086/libs/watson/include" to "/fwbuild-volumes/latest/apps/app/esp32/build_contexts/build_ctx_398655086/libs/watson/include"
mount from "/fwbuild-volumes/latest/apps/app/esp32/build_contexts/build_ctx_398655086/libs/ca-bundle/fs" to "/fwbuild-volumes/latest/apps/app/esp32/build_contexts/build_ctx_398655086/libs/ca-bundle/fs"
mount from "/fwbuild-volumes/latest/apps/app/esp32/build_contexts/build_ctx_398655086/libs/wifi-setup-web/fs" to "/fwbuild-volumes/latest/apps/app/esp32/build_contexts/build_ctx_398655086/libs/wifi-setup-web/fs"
mount from "/fwbuild-volumes/latest/apps/app/esp32/build_contexts/build_ctx_398655086/fs" to "/fwbuild-volumes/latest/apps/app/esp32/build_contexts/build_ctx_398655086/fs"
mount from "/fwbuild-volumes/latest/apps/app/esp32/build_contexts/build_ctx_398655086/libs/mbedtls/lib/esp32" to "/fwbuild-volumes/latest/apps/app/esp32/build_contexts/build_ctx_398655086/libs/mbedtls/lib/esp32"
mount from "/fwbuild-volumes/latest/apps/app/esp32/build_contexts/build_ctx_398655086/libs/mongoose/lib/esp32" to "/fwbuild-volumes/latest/apps/app/esp32/build_contexts/build_ctx_398655086/libs/mongoose/lib/esp32"
mount from "/fwbuild-volumes/latest/apps/app/esp32/build_contexts/build_ctx_398655086/libs/ota-common/lib/esp32" to "/fwbuild-volumes/latest/apps/app/esp32/build_contexts/build_ctx_398655086/libs/ota-common/lib/esp32"
mount from "/fwbuild-volumes/latest/apps/app/esp32/build_contexts/build_ctx_398655086/libs/ota-http-client/lib/esp32" to "/fwbuild-volumes/latest/apps/app/esp32/build_contexts/build_ctx_398655086/libs/ota-http-client/lib/esp32"
mount from "/fwbuild-volumes/latest/apps/app/esp32/build_contexts/build_ctx_398655086/libs/ota-shadow/lib/esp32" to "/fwbuild-volumes/latest/apps/app/esp32/build_contexts/build_ctx_398655086/libs/ota-shadow/lib/esp32"
mount from "/fwbuild-volumes/latest/apps/app/esp32/build_contexts/build_ctx_398655086/libs/dash/lib/esp32" to "/fwbuild-volumes/latest/apps/app/esp32/build_contexts/build_ctx_398655086/libs/dash/lib/esp32"
mount from "/fwbuild-volumes/latest/apps/app/esp32/build_contexts/build_ctx_398655086/libs/ota-http-server/lib/esp32" to "/fwbuild-volumes/latest/apps/app/esp32/build_contexts/build_ctx_398655086/libs/ota-http-server/lib/esp32"
mount from "/fwbuild-volumes/latest/apps/app/esp32/build_contexts/build_ctx_398655086/libs/rpc-service-ota/lib/esp32" to "/fwbuild-volumes/latest/apps/app/esp32/build_contexts/build_ctx_398655086/libs/rpc-service-ota/lib/esp32"
mount from "/fwbuild-volumes/latest/apps/app/esp32/build_contexts/build_ctx_398655086/build/gen" to "/fwbuild-volumes/latest/apps/app/esp32/build_contexts/build_ctx_398655086/build/gen"
Docker arguments: run --name mos_build_2018-11-19T17-33-28-00_6594065917276133547 --rm -i -v /fwbuild-volumes/latest/apps/app/esp32/build_contexts/build_ctx_398655086/libs/esp32-touchpad/src:/fwbuild-volumes/latest/apps/app/esp32/build_contexts/build_ctx_398655086/libs/esp32-touchpad/src -v /fwbuild-volumes/latest/apps/app/esp32/build_contexts/build_ctx_398655086/libs/rpc-loopback/include:/fwbuild-volumes/latest/apps/app/esp32/build_contexts/build_ctx_398655086/libs/rpc-loopback/include -v /fwbuild-volumes/latest/apps/app/esp32/build_contexts/build_ctx_398655086/libs/ota-common/include/esp32:/fwbuild-volumes/latest/apps/app/esp32/build_contexts/build_ctx_398655086/libs/ota-common/include/esp32 -v /fwbuild-volumes/latest/apps/app/esp32/build_contexts/build_ctx_398655086/libs/provision/include:/fwbuild-volumes/latest/apps/app/esp32/build_contexts/build_ctx_398655086/libs/provision/include -v /fwbuild-volumes/latest/apps/app/esp32/build_contexts/build_ctx_398655086/libs/ota-common/lib/esp32:/fwbuild-volumes/latest/apps/app/esp32/build_contexts/build_ctx_398655086/libs/ota-common/lib/esp32 -v /fwbuild-volumes/latest/apps/app/esp32/build_contexts/build_ctx_398655086/libs/vfs-fs-spiffs/src/spiffs:/fwbuild-volumes/latest/apps/app/esp32/build_contexts/build_ctx_398655086/libs/vfs-fs-spiffs/src/spiffs -v /fwbuild-volumes/latest/apps/app/esp32/build_contexts/build_ctx_398655086/libs/sntp/src:/fwbuild-volumes/latest/apps/app/esp32/build_contexts/build_ctx_398655086/libs/sntp/src -v /fwbuild-volumes/latest/apps/app/esp32/build_contexts/build_ctx_398655086/libs/wifi/include:/fwbuild-volumes/latest/apps/app/esp32/build_contexts/build_ctx_398655086/libs/wifi/include -v /fwbuild-volumes/latest/apps/app/esp32/build_contexts/build_ctx_398655086/libs/spi/src:/fwbuild-volumes/latest/apps/app/esp32/build_contexts/build_ctx_398655086/libs/spi/src -v /fwbuild-volumes/latest/apps/app/esp32/build_contexts/build_ctx_398655086/libs/dns-sd/src/lwip:/fwbuild-volumes/latest/apps/app/esp32/build_contexts/build_ctx_398655086/libs/dns-sd/src/lwip -v /fwbuild-volumes/latest/apps/app/esp32/build_contexts/build_ctx_398655086/libs/vfs-dev-spi-flash/src:/fwbuild-volumes/latest/apps/app/esp32/build_contexts/build_ctx_398655086/libs/vfs-dev-spi-flash/src -v /fwbuild-volumes/latest/apps/app/esp32/build_contexts/build_ctx_398655086/libs/rpc-service-ota/include:/fwbuild-volumes/latest/apps/app/esp32/build_contexts/build_ctx_398655086/libs/rpc-service-ota/include -v /fwbuild-volumes/latest/apps/app/esp32/build_contexts/build_ctx_398655086/libs/rpc-loopback/src:/fwbuild-volumes/latest/apps/app/esp32/build_contexts/build_ctx_398655086/libs/rpc-loopback/src -v /fwbuild-volumes/latest/apps/app/esp32/build_contexts/build_ctx_398655086/libs/wifi/esp32/src:/fwbuild-volumes/latest/apps/app/esp32/build_contexts/build_ctx_398655086/libs/wifi/esp32/src -v /fwbuild-volumes/latest/apps/app/esp32/build_contexts/build_ctx_398655086/libs/watson/src:/fwbuild-volumes/latest/apps/app/esp32/build_contexts/build_ctx_398655086/libs/watson/src -v /fwbuild-volumes/latest/apps/app/esp32/build_contexts/build_ctx_398655086/libs/rpc-common/src:/fwbuild-volumes/latest/apps/app/esp32/build_contexts/build_ctx_398655086/libs/rpc-common/src -v /fwbuild-volumes/latest/apps/app/esp32/build_contexts/build_ctx_398655086/libs/rpc-ws/src:/fwbuild-volumes/latest/apps/app/esp32/build_contexts/build_ctx_398655086/libs/rpc-ws/src -v /fwbuild-volumes/latest/apps/app/esp32/build_contexts/build_ctx_398655086/libs/rpc-mqtt/src:/fwbuild-volumes/latest/apps/app/esp32/build_contexts/build_ctx_398655086/libs/rpc-mqtt/src -v /fwbuild-volumes/latest/apps/app/esp32/build_contexts/build_ctx_398655086/libs/i2c/include:/fwbuild-volumes/latest/apps/app/esp32/build_contexts/build_ctx_398655086/libs/i2c/include -v /fwbuild-volumes/latest/apps/app/esp32/build_contexts/build_ctx_398655086:/app -v /fwbuild-volumes/latest/apps/app/esp32/build_contexts/build_ctx_398655086/modules/mongoose-os:/mongoose-os -v /fwbuild-volumes/latest/apps/app/esp32/build_contexts/build_ctx_398655086/libs/vfs-common/src/esp32:/fwbuild-volumes/latest/apps/app/esp32/build_contexts/build_ctx_398655086/libs/vfs-common/src/esp32 -v /fwbuild-volumes/latest/apps/app/esp32/build_contexts/build_ctx_398655086/libs/vfs-fs-spiffs/include/esp32:/fwbuild-volumes/latest/apps/app/esp32/build_contexts/build_ctx_398655086/libs/vfs-fs-spiffs/include/esp32 -v /fwbuild-volumes/latest/apps/app/esp32/build_contexts/build_ctx_398655086/libs/dht/include:/fwbuild-volumes/latest/apps/app/esp32/build_contexts/build_ctx_398655086/libs/dht/include -v /fwbuild-volumes/latest/apps/app/esp32/build_contexts/build_ctx_398655086/libs/pwm/src:/fwbuild-volumes/latest/apps/app/esp32/build_contexts/build_ctx_398655086/libs/pwm/src -v /fwbuild-volumes/latest/apps/app/esp32/build_contexts/build_ctx_398655086/libs/rpc-service-gpio/src:/fwbuild-volumes/latest/apps/app/esp32/build_contexts/build_ctx_398655086/libs/rpc-service-gpio/src -v /fwbuild-volumes/latest/apps/app/esp32/build_contexts/build_ctx_398655086/libs/demo-bundle/src:/fwbuild-volumes/latest/apps/app/esp32/build_contexts/build_ctx_398655086/libs/demo-bundle/src -v /fwbuild-volumes/latest/apps/app/esp32/build_contexts/build_ctx_398655086/libs/ethernet/src/esp32:/fwbuild-volumes/latest/apps/app/esp32/build_contexts/build_ctx_398655086/libs/ethernet/src/esp32 -v /fwbuild-volumes/latest/apps/app/esp32/build_contexts/build_ctx_398655086/libs/neopixel/include:/fwbuild-volumes/latest/apps/app/esp32/build_contexts/build_ctx_398655086/libs/neopixel/include -v /fwbuild-volumes/latest/apps/app/esp32/build_contexts/build_ctx_398655086/libs/aws/include:/fwbuild-volumes/latest/apps/app/esp32/build_contexts/build_ctx_398655086/libs/aws/include -v /fwbuild-volumes/latest/apps/app/esp32/build_contexts/build_ctx_398655086/libs/bme280/include:/fwbuild-volumes/latest/apps/app/esp32/build_contexts/build_ctx_398655086/libs/bme280/include -v /fwbuild-volumes/latest/apps/app/esp32/build_contexts/build_ctx_398655086/libs/watson/include:/fwbuild-volumes/latest/apps/app/esp32/build_contexts/build_ctx_398655086/libs/watson/include -v /fwbuild-volumes/latest/apps/app/esp32/build_contexts/build_ctx_398655086/libs/atca/src:/fwbuild-volumes/latest/apps/app/esp32/build_contexts/build_ctx_398655086/libs/atca/src -v /fwbuild-volumes/latest/apps/app/esp32/build_contexts/build_ctx_398655086/libs/wifi/src:/fwbuild-volumes/latest/apps/app/esp32/build_contexts/build_ctx_398655086/libs/wifi/src -v /fwbuild-volumes/latest/apps/app/esp32/build_contexts/build_ctx_398655086/libs/shadow/include:/fwbuild-volumes/latest/apps/app/esp32/build_contexts/build_ctx_398655086/libs/shadow/include -v /fwbuild-volumes/latest/apps/app/esp32/build_contexts/build_ctx_398655086/libs/vfs-common/include:/fwbuild-volumes/latest/apps/app/esp32/build_contexts/build_ctx_398655086/libs/vfs-common/include -v /fwbuild-volumes/latest/apps/app/esp32/build_contexts/build_ctx_398655086/libs/rpc-service-i2c/include:/fwbuild-volumes/latest/apps/app/esp32/build_contexts/build_ctx_398655086/libs/rpc-service-i2c/include -v /fwbuild-volumes/latest/apps/app/esp32/build_contexts/build_ctx_398655086/libs/ota-http-client/include:/fwbuild-volumes/latest/apps/app/esp32/build_contexts/build_ctx_398655086/libs/ota-http-client/include -v /fwbuild-volumes/latest/apps/app/esp32/build_contexts/build_ctx_398655086/libs/mqtt/src:/fwbuild-volumes/latest/apps/app/esp32/build_contexts/build_ctx_398655086/libs/mqtt/src -v /fwbuild-volumes/latest/apps/app/esp32/build_contexts/build_ctx_398655086/libs/mbedtls/include/esp32:/fwbuild-volumes/latest/apps/app/esp32/build_contexts/build_ctx_398655086/libs/mbedtls/include/esp32 -v /fwbuild-volumes/latest/apps/app/esp32/build_contexts/build_ctx_398655086/libs/bt-common/include:/fwbuild-volumes/latest/apps/app/esp32/build_contexts/build_ctx_398655086/libs/bt-common/include -v /fwbuild-volumes/latest/apps/app/esp32/build_contexts/build_ctx_398655086/libs/azure/src:/fwbuild-volumes/latest/apps/app/esp32/build_contexts/build_ctx_398655086/libs/azure/src -v /fwbuild-volumes/latest/apps/app/esp32/build_contexts/build_ctx_398655086/libs/rpc-uart/src:/fwbuild-volumes/latest/apps/app/esp32/build_contexts/build_ctx_398655086/libs/rpc-uart/src -v /fwbuild-volumes/latest/apps/app/esp32/build_contexts/build_ctx_398655086/libs/atca/cryptoauthlib/lib/basic:/fwbuild-volumes/latest/apps/app/esp32/build_contexts/build_ctx_398655086/libs/atca/cryptoauthlib/lib/basic -v /fwbuild-volumes/latest/apps/app/esp32/build_contexts/build_ctx_398655086/libs/atca/cryptoauthlib/lib/host:/fwbuild-volumes/latest/apps/app/esp32/build_contexts/build_ctx_398655086/libs/atca/cryptoauthlib/lib/host -v /fwbuild-volumes/latest/apps/app/esp32/build_contexts/build_ctx_398655086/libs/core/src:/fwbuild-volumes/latest/apps/app/esp32/build_contexts/build_ctx_398655086/libs/core/src -v /fwbuild-volumes/latest/apps/app/esp32/build_contexts/build_ctx_398655086/libs/rpc-uart/include:/fwbuild-volumes/latest/apps/app/esp32/build_contexts/build_ctx_398655086/libs/rpc-uart/include -v /fwbuild-volumes/latest/apps/app/esp32/build_contexts/build_ctx_398655086/libs/atca/cryptoauthlib/lib/crypto:/fwbuild-volumes/latest/apps/app/esp32/build_contexts/build_ctx_398655086/libs/atca/cryptoauthlib/lib/crypto -v /fwbuild-volumes/latest/apps/app/esp32/build_contexts/build_ctx_398655086/libs/vfs-fs-spiffs/src:/fwbuild-volumes/latest/apps/app/esp32/build_contexts/build_ctx_398655086/libs/vfs-fs-spiffs/src -v /fwbuild-volumes/latest/apps/app/esp32/build_contexts/build_ctx_398655086/libs/bme280/src/BME280_driver:/fwbuild-volumes/latest/apps/app/esp32/build_contexts/build_ctx_398655086/libs/bme280/src/BME280_driver -v /fwbuild-volumes/latest/apps/app/esp32/build_contexts/build_ctx_398655086/libs/vfs-fs-lfs/include:/fwbuild-volumes/latest/apps/app/esp32/build_contexts/build_ctx_398655086/libs/vfs-fs-lfs/include -v /fwbuild-volumes/latest/apps/app/esp32/build_contexts/build_ctx_398655086/libs/dns-sd/include:/fwbuild-volumes/latest/apps/app/esp32/build_contexts/build_ctx_398655086/libs/dns-sd/include -v /fwbuild-volumes/latest/apps/app/esp32/build_contexts/build_ctx_398655086/libs/dash/lib/esp32:/fwbuild-volumes/latest/apps/app/esp32/build_contexts/build_ctx_398655086/libs/dash/lib/esp32 -v /fwbuild-volumes/latest/apps/app/esp32/build_contexts/build_ctx_398655086/libs/atca/cryptoauthlib/lib:/fwbuild-volumes/latest/apps/app/esp32/build_contexts/build_ctx_398655086/libs/atca/cryptoauthlib/lib -v /fwbuild-volumes/latest/apps/app/esp32/build_contexts/build_ctx_398655086/libs/bt-service-debug/src/esp32:/fwbuild-volumes/latest/apps/app/esp32/build_contexts/build_ctx_398655086/libs/bt-service-debug/src/esp32 -v /fwbuild-volumes/latest/apps/app/esp32/build_contexts/build_ctx_398655086/libs/pwm/include:/fwbuild-volumes/latest/apps/app/esp32/build_contexts/build_ctx_398655086/libs/pwm/include -v /fwbuild-volumes/latest/apps/app/esp32/build_contexts/build_ctx_398655086/libs/rpc-service-ota/lib/esp32:/fwbuild-volumes/latest/apps/app/esp32/build_contexts/build_ctx_398655086/libs/rpc-service-ota/lib/esp32 -v /fwbuild-volumes/latest/apps/app/esp32/build_contexts/build_ctx_398655086/libs/bt-common/src:/fwbuild-volumes/latest/apps/app/esp32/build_contexts/build_ctx_398655086/libs/bt-common/src -v /fwbuild-volumes/latest/apps/app/esp32/build_contexts/build_ctx_398655086/libs/http-server/src:/fwbuild-volumes/latest/apps/app/esp32/build_contexts/build_ctx_398655086/libs/http-server/src -v /fwbuild-volumes/latest/apps/app/esp32/build_contexts/build_ctx_398655086/libs/wifi/esp32/include:/fwbuild-volumes/latest/apps/app/esp32/build_contexts/build_ctx_398655086/libs/wifi/esp32/include -v /fwbuild-volumes/latest/apps/app/esp32/build_contexts/build_ctx_398655086/libs/rpc-service-config/include:/fwbuild-volumes/latest/apps/app/esp32/build_contexts/build_ctx_398655086/libs/rpc-service-config/include -v /fwbuild-volumes/latest/apps/app/esp32/build_contexts/build_ctx_398655086/libs/rpc-service-fs/include:/fwbuild-volumes/latest/apps/app/esp32/build_contexts/build_ctx_398655086/libs/rpc-service-fs/include -v /fwbuild-volumes/latest/apps/app/esp32/build_contexts/build_ctx_398655086/src:/fwbuild-volumes/latest/apps/app/esp32/build_contexts/build_ctx_398655086/src -v /fwbuild-volumes/latest/apps/app/esp32/build_contexts/build_ctx_398655086/libs/vfs-fs-lfs/src/littlefs:/fwbuild-volumes/latest/apps/app/esp32/build_contexts/build_ctx_398655086/libs/vfs-fs-lfs/src/littlefs -v /fwbuild-volumes/latest/apps/app/esp32/build_contexts/build_ctx_398655086/libs/http-server/include:/fwbuild-volumes/latest/apps/app/esp32/build_contexts/build_ctx_398655086/libs/http-server/include -v /fwbuild-volumes/latest/apps/app/esp32/build_contexts/build_ctx_398655086/libs/atca/cryptoauthlib/lib/hal:/fwbuild-volumes/latest/apps/app/esp32/build_contexts/build_ctx_398655086/libs/atca/cryptoauthlib/lib/hal -v /fwbuild-volumes/latest/apps/app/esp32/build_contexts/build_ctx_398655086/libs/ethernet/src:/fwbuild-volumes/latest/apps/app/esp32/build_contexts/build_ctx_398655086/libs/ethernet/src -v /fwbuild-volumes/latest/apps/app/esp32/build_contexts/build_ctx_398655086/libs/ota-common/include:/fwbuild-volumes/latest/apps/app/esp32/build_contexts/build_ctx_398655086/libs/ota-common/include -v /fwbuild-volumes/latest/apps/app/esp32/build_contexts/build_ctx_398655086/libs/mongoose/lib/esp32:/fwbuild-volumes/latest/apps/app/esp32/build_contexts/build_ctx_398655086/libs/mongoose/lib/esp32 -v /fwbuild-volumes/latest/apps/app/esp32/build_contexts/build_ctx_398655086/libs/spi/src/esp32:/fwbuild-volumes/latest/apps/app/esp32/build_contexts/build_ctx_398655086/libs/spi/src/esp32 -v /fwbuild-volumes/latest/apps/app/esp32/build_contexts/build_ctx_398655086/libs/rpc-service-fs/src:/fwbuild-volumes/latest/apps/app/esp32/build_contexts/build_ctx_398655086/libs/rpc-service-fs/src -v /fwbuild-volumes/latest/apps/app/esp32/build_contexts/build_ctx_398655086/libs/mbedtls/include:/fwbuild-volumes/latest/apps/app/esp32/build_contexts/build_ctx_398655086/libs/mbedtls/include -v /fwbuild-volumes/latest/apps/app/esp32/build_contexts/build_ctx_398655086/libs/i2c/esp32/src:/fwbuild-volumes/latest/apps/app/esp32/build_contexts/build_ctx_398655086/libs/i2c/esp32/src -v /fwbuild-volumes/latest/apps/app/esp32/build_contexts/build_ctx_398655086/libs/adc/include:/fwbuild-volumes/latest/apps/app/esp32/build_contexts/build_ctx_398655086/libs/adc/include -v /fwbuild-volumes/latest/apps/app/esp32/build_contexts/build_ctx_398655086/libs/mongoose/include:/fwbuild-volumes/latest/apps/app/esp32/build_contexts/build_ctx_398655086/libs/mongoose/include -v /fwbuild-volumes/latest/apps/app/esp32/build_contexts/build_ctx_398655086/fs:/fwbuild-volumes/latest/apps/app/esp32/build_contexts/build_ctx_398655086/fs -v /fwbuild-volumes/latest/apps/app/esp32/build_contexts/build_ctx_398655086/libs/ota-http-server/lib/esp32:/fwbuild-volumes/latest/apps/app/esp32/build_contexts/build_ctx_398655086/libs/ota-http-server/lib/esp32 -v /fwbuild-volumes/latest/apps/app/esp32/build_contexts/build_ctx_398655086/libs/vfs-common/src:/fwbuild-volumes/latest/apps/app/esp32/build_contexts/build_ctx_398655086/libs/vfs-common/src -v /fwbuild-volumes/latest/apps/app/esp32/build_contexts/build_ctx_398655086/libs/vfs-fs-spiffs/include:/fwbuild-volumes/latest/apps/app/esp32/build_contexts/build_ctx_398655086/libs/vfs-fs-spiffs/include -v /fwbuild-volumes/latest/apps/app/esp32/build_contexts/build_ctx_398655086/libs/bt-common/include/esp32:/fwbuild-volumes/latest/apps/app/esp32/build_contexts/build_ctx_398655086/libs/bt-common/include/esp32 -v /fwbuild-volumes/latest/apps/app/esp32/build_contexts/build_ctx_398655086/libs/rpc-common/include:/fwbuild-volumes/latest/apps/app/esp32/build_contexts/build_ctx_398655086/libs/rpc-common/include -v /fwbuild-volumes/latest/apps/app/esp32/build_contexts/build_ctx_398655086/libs/gcp/include:/fwbuild-volumes/latest/apps/app/esp32/build_contexts/build_ctx_398655086/libs/gcp/include -v /fwbuild-volumes/latest/apps/app/esp32/build_contexts/build_ctx_398655086/libs/rpc-mqtt/include:/fwbuild-volumes/latest/apps/app/esp32/build_contexts/build_ctx_398655086/libs/rpc-mqtt/include -v /fwbuild-volumes/latest/apps/app/esp32/build_contexts/build_ctx_398655086/libs/wifi-setup-web/fs:/fwbuild-volumes/latest/apps/app/esp32/build_contexts/build_ctx_398655086/libs/wifi-setup-web/fs -v /fwbuild-volumes/latest/apps/app/esp32/build_contexts/build_ctx_398655086/libs/mbedtls/lib/esp32:/fwbuild-volumes/latest/apps/app/esp32/build_contexts/build_ctx_398655086/libs/mbedtls/lib/esp32 -v /fwbuild-volumes/latest/apps/app/esp32/build_contexts/build_ctx_398655086/modules/mongoose-os:/fwbuild-volumes/latest/apps/app/esp32/build_contexts/build_ctx_398655086/modules/mongoose-os -v /fwbuild-volumes/latest/apps/app/esp32/build_contexts/build_ctx_398655086/libs/rpc-service-config/src:/fwbuild-volumes/latest/apps/app/esp32/build_contexts/build_ctx_398655086/libs/rpc-service-config/src -v /fwbuild-volumes/latest/apps/app/esp32/build_contexts/build_ctx_398655086/libs/vfs-fs-spiffs/include/spiffs:/fwbuild-volumes/latest/apps/app/esp32/build_contexts/build_ctx_398655086/libs/vfs-fs-spiffs/include/spiffs -v /fwbuild-volumes/latest/apps/app/esp32/build_contexts/build_ctx_398655086/build/gen:/fwbuild-volumes/latest/apps/app/esp32/build_contexts/build_ctx_398655086/build/gen -v /fwbuild-volumes/latest/apps/app/esp32/build_contexts/build_ctx_398655086/libs/i2c/src:/fwbuild-volumes/latest/apps/app/esp32/build_contexts/build_ctx_398655086/libs/i2c/src -v /fwbuild-volumes/latest/apps/app/esp32/build_contexts/build_ctx_398655086/libs/atca/include:/fwbuild-volumes/latest/apps/app/esp32/build_contexts/build_ctx_398655086/libs/atca/include -v /fwbuild-volumes/latest/apps/app/esp32/build_contexts/build_ctx_398655086/libs/bt-common/src/esp32:/fwbuild-volumes/latest/apps/app/esp32/build_contexts/build_ctx_398655086/libs/bt-common/src/esp32 -v /fwbuild-volumes/latest/apps/app/esp32/build_contexts/build_ctx_398655086/libs/rpc-azure/src:/fwbuild-volumes/latest/apps/app/esp32/build_contexts/build_ctx_398655086/libs/rpc-azure/src -v /fwbuild-volumes/latest/apps/app/esp32/build_contexts/build_ctx_398655086/libs/ota-shadow/lib/esp32:/fwbuild-volumes/latest/apps/app/esp32/build_contexts/build_ctx_398655086/libs/ota-shadow/lib/esp32 -v /fwbuild-volumes/latest/apps/app/esp32/build_contexts/build_ctx_398655086/libs/adc/esp32/src:/fwbuild-volumes/latest/apps/app/esp32/build_contexts/build_ctx_398655086/libs/adc/esp32/src -v /fwbuild-volumes/latest/apps/app/esp32/build_contexts/build_ctx_398655086/libs/vfs-fs-lfs/src:/fwbuild-volumes/latest/apps/app/esp32/build_contexts/build_ctx_398655086/libs/vfs-fs-lfs/src -v /fwbuild-volumes/latest/apps/app/esp32/build_contexts/build_ctx_398655086/libs/shadow/src:/fwbuild-volumes/latest/apps/app/esp32/build_contexts/build_ctx_398655086/libs/shadow/src -v /fwbuild-volumes/latest/apps/app/esp32/build_contexts/build_ctx_398655086/libs/mqtt/include:/fwbuild-volumes/latest/apps/app/esp32/build_contexts/build_ctx_398655086/libs/mqtt/include -v /fwbuild-volumes/latest/apps/app/esp32/build_contexts/build_ctx_398655086/libs/spi/include:/fwbuild-volumes/latest/apps/app/esp32/build_contexts/build_ctx_398655086/libs/spi/include -v /fwbuild-volumes/latest/apps/app/esp32/build_contexts/build_ctx_398655086/libs/ca-bundle/fs:/fwbuild-volumes/latest/apps/app/esp32/build_contexts/build_ctx_398655086/libs/ca-bundle/fs -v /fwbuild-volumes/latest/apps/app/esp32/build_contexts/build_ctx_398655086/libs/aws/src:/fwbuild-volumes/latest/apps/app/esp32/build_contexts/build_ctx_398655086/libs/aws/src -v /fwbuild-volumes/latest/apps/app/esp32/build_contexts/build_ctx_398655086/libs/bt-service-config/src/esp32:/fwbuild-volumes/latest/apps/app/esp32/build_contexts/build_ctx_398655086/libs/bt-service-config/src/esp32 -v /fwbuild-volumes/latest/apps/app/esp32/build_contexts/build_ctx_398655086/libs/dns-sd/src:/fwbuild-volumes/latest/apps/app/esp32/build_contexts/build_ctx_398655086/libs/dns-sd/src -v /fwbuild-volumes/latest/apps/app/esp32/build_contexts/build_ctx_398655086/libs/ota-http-client/lib/esp32:/fwbuild-volumes/latest/apps/app/esp32/build_contexts/build_ctx_398655086/libs/ota-http-client/lib/esp32 -v /fwbuild-volumes/latest/apps/app/esp32/build_contexts/build_ctx_398655086/libs/rpc-service-atca/src:/fwbuild-volumes/latest/apps/app/esp32/build_contexts/build_ctx_398655086/libs/rpc-service-atca/src -v /fwbuild-volumes/latest/apps/app/esp32/build_contexts/build_ctx_398655086/libs/rpc-service-wifi/src:/fwbuild-volumes/latest/apps/app/esp32/build_contexts/build_ctx_398655086/libs/rpc-service-wifi/src -v /fwbuild-volumes/latest/apps/app/esp32/build_contexts/build_ctx_398655086/libs/dash/include:/fwbuild-volumes/latest/apps/app/esp32/build_contexts/build_ctx_398655086/libs/dash/include -v /fwbuild-volumes/latest/apps/app/esp32/build_contexts/build_ctx_398655086/libs/azure/include:/fwbuild-volumes/latest/apps/app/esp32/build_contexts/build_ctx_398655086/libs/azure/include -v /fwbuild-volumes/latest/apps/app/esp32/build_contexts/build_ctx_398655086/libs/pppos/src:/fwbuild-volumes/latest/apps/app/esp32/build_contexts/build_ctx_398655086/libs/pppos/src -v /fwbuild-volumes/latest/apps/app/esp32/build_contexts/build_ctx_398655086/libs/rpc-service-i2c/src:/fwbuild-volumes/latest/apps/app/esp32/build_contexts/build_ctx_398655086/libs/rpc-service-i2c/src -v /fwbuild-volumes/latest/apps/app/esp32/build_contexts/build_ctx_398655086/libs/core/include:/fwbuild-volumes/latest/apps/app/esp32/build_contexts/build_ctx_398655086/libs/core/include -v /fwbuild-volumes/latest/apps/app/esp32/build_contexts/build_ctx_398655086/libs/provision/src:/fwbuild-volumes/latest/apps/app/esp32/build_contexts/build_ctx_398655086/libs/provision/src -v /fwbuild-volumes/latest/apps/app/esp32/build_contexts/build_ctx_398655086/libs/bme280/src:/fwbuild-volumes/latest/apps/app/esp32/build_contexts/build_ctx_398655086/libs/bme280/src -v /fwbuild-volumes/latest/apps/app/esp32/build_contexts/build_ctx_398655086/libs/dht/src:/fwbuild-volumes/latest/apps/app/esp32/build_contexts/build_ctx_398655086/libs/dht/src -v /fwbuild-volumes/latest/apps/app/esp32/build_contexts/build_ctx_398655086/libs/gcp/src:/fwbuild-volumes/latest/apps/app/esp32/build_contexts/build_ctx_398655086/libs/gcp/src -v /fwbuild-volumes/latest/apps/app/esp32/build_contexts/build_ctx_398655086/libs/vfs-common/include/esp32:/fwbuild-volumes/latest/apps/app/esp32/build_contexts/build_ctx_398655086/libs/vfs-common/include/esp32 -v /fwbuild-volumes/latest/apps/app/esp32/build_contexts/build_ctx_398655086/libs/rpc-service-gpio/include:/fwbuild-volumes/latest/apps/app/esp32/build_contexts/build_ctx_398655086/libs/rpc-service-gpio/include -v /fwbuild-volumes/latest/apps/app/esp32/build_contexts/build_ctx_398655086/build:/fwbuild-volumes/latest/apps/app/esp32/build_contexts/build_ctx_398655086/build -v /fwbuild-volumes/latest/apps/app/esp32/build_contexts/build_ctx_398655086/libs/neopixel/src:/fwbuild-volumes/latest/apps/app/esp32/build_contexts/build_ctx_398655086/libs/neopixel/src -v /fwbuild-volumes/latest/apps/app/esp32/build_contexts/build_ctx_398655086/libs/pwm/src/esp32:/fwbuild-volumes/latest/apps/app/esp32/build_contexts/build_ctx_398655086/libs/pwm/src/esp32 -v /fwbuild-volumes/latest/apps/app/esp32/build_contexts/build_ctx_398655086/libs/vfs-dev-spi-flash/include:/fwbuild-volumes/latest/apps/app/esp32/build_contexts/build_ctx_398655086/libs/vfs-dev-spi-flash/include -v /fwbuild-volumes/latest/apps/app/esp32/build_contexts/build_ctx_398655086/libs/rpc-gatts/src/esp32:/fwbuild-volumes/latest/apps/app/esp32/build_contexts/build_ctx_398655086/libs/rpc-gatts/src/esp32 -v /fwbuild-volumes/latest/apps/app/esp32/build_contexts/build_ctx_398655086/libs/mbedtls/mbedtls/include:/fwbuild-volumes/latest/apps/app/esp32/build_contexts/build_ctx_398655086/libs/mbedtls/mbedtls/include -v /fwbuild-volumes/latest/apps/app/esp32/build_contexts/build_ctx_398655086/libs/rpc-ws/include:/fwbuild-volumes/latest/apps/app/esp32/build_contexts/build_ctx_398655086/libs/rpc-ws/include --user 0:0 docker.io/mgos/esp32-build:3.1-r4 /bin/bash -c nice make '-j' '16' '-C' '/app' '-f' '/mongoose-os/fw/platforms/esp32/Makefile.build' 'all' 'MGOS_VARS_FILE=/fwbuild-volumes/latest/apps/app/esp32/build_contexts/build_ctx_398655086/build/gen/vars.mk'
make: Entering directory '/app'
Toolchain path: /opt/Espressif/xtensa-esp32-elf/bin/xtensa-esp32-elf-gcc
Toolchain version: crosstool-ng-1.22.0-80-g6c4433a
Compiler version: 5.2.0
/mongoose-os/fw/platforms/esp32/Makefile.build:186: warning: overriding recipe for target 'defconfig'
/opt/Espressif/esp-idf/make/project_config.mk:76: warning: ignoring old recipe for target 'defconfig'
/mongoose-os/fw/platforms/esp32/Makefile.build:186: warning: overriding recipe for target 'menuconfig'
/opt/Espressif/esp-idf/make/project_config.mk:63: warning: ignoring old recipe for target 'menuconfig'
/mongoose-os/fw/platforms/esp32/Makefile.build:227: warning: overriding recipe for target 'clean'
/opt/Espressif/esp-idf/components/app_update/Makefile.projbuild:60: warning: ignoring old recipe for target 'clean'
make[1]: Entering directory '/opt/Espressif/esp-idf/components/bootloader/subproject'
make[1]: Entering directory '/fwbuild-volumes/latest/apps/app/esp32/build_contexts/build_ctx_398655086/build/objs/mosapp'
CXX main.o
make[1]: Leaving directory '/opt/Espressif/esp-idf/components/bootloader/subproject'
Python requirements from /opt/Espressif/esp-idf/requirements.txt are satisfied.
/fwbuild-volumes/latest/apps/app/esp32/build_contexts/build_ctx_398655086/src/main.cpp: In function 'void mqtt_timer_cb(void*)':
/fwbuild-volumes/latest/apps/app/esp32/build_contexts/build_ctx_398655086/src/main.cpp:97:8: warning: unused variable 'res' [-Wunused-variable]
   bool res = mgos_mqtt_pubf(topicReadings, 0, false /* retain */,
        ^
/fwbuild-volumes/latest/apps/app/esp32/build_contexts/build_ctx_398655086/src/main.cpp: In function 'void button_cb(int, void*)':
/fwbuild-volumes/latest/apps/app/esp32/build_contexts/build_ctx_398655086/src/main.cpp:241:10: warning: unused variable 'res' [-Wunused-variable]
     bool res = mgos_mqtt_pubf(topicReadings, 0, false /* retain */,
          ^
/fwbuild-volumes/latest/apps/app/esp32/build_contexts/build_ctx_398655086/src/main.cpp:189:8: warning: unused variable 'buf' [-Wunused-variable]
   char buf[8];
        ^
/fwbuild-volumes/latest/apps/app/esp32/build_contexts/build_ctx_398655086/src/main.cpp: In function 'void shadow_cb(int, void*, void*)':
/fwbuild-volumes/latest/apps/app/esp32/build_contexts/build_ctx_398655086/src/main.cpp:304:21: warning: unused variable 't' [-Wunused-variable]
   struct json_token t;
                     ^
/fwbuild-volumes/latest/apps/app/esp32/build_contexts/build_ctx_398655086/src/main.cpp:305:7: warning: unused variable 'i' [-Wunused-variable]
   int i,value;
       ^
/fwbuild-volumes/latest/apps/app/esp32/build_contexts/build_ctx_398655086/src/main.cpp: In function 'mgos_app_init_result mgos_app_init()':
/fwbuild-volumes/latest/apps/app/esp32/build_contexts/build_ctx_398655086/src/main.cpp:368:7: warning: unused variable 'res' [-Wunused-variable]
   int res;
       ^
  GEN   /fwbuild-volumes/latest/apps/app/esp32/build_contexts/build_ctx_398655086/build/gen/build_info.c
fatal: not a git repository (or any parent up to mount point /)
Stopping at filesystem boundary (GIT_DISCOVERY_ACROSS_FILESYSTEM not set).
CC build_info.o
AR /fwbuild-volumes/latest/apps/app/esp32/build_contexts/build_ctx_398655086/build/objs/mosapp/libmosapp.a
make[1]: Leaving directory '/fwbuild-volumes/latest/apps/app/esp32/build_contexts/build_ctx_398655086/build/objs/mosapp'
LD /fwbuild-volumes/latest/apps/app/esp32/build_contexts/build_ctx_398655086/build/objs/app.elf
esptool.py v2.6-beta1
  Generating breakdown
  GEN    /fwbuild-volumes/latest/apps/app/esp32/build_contexts/build_ctx_398655086/build/objs/fw_temp/manifest.json
  ZIP    /fwbuild-volumes/latest/apps/app/esp32/build_contexts/build_ctx_398655086/build/fw/app-esp32-last.zip
     Adding /fwbuild-volumes/latest/apps/app/esp32/build_contexts/build_ctx_398655086/build/objs/fw_temp/app.bin
     Adding /fwbuild-volumes/latest/apps/app/esp32/build_contexts/build_ctx_398655086/build/objs/fw_temp/bootloader.bin
     Adding /fwbuild-volumes/latest/apps/app/esp32/build_contexts/build_ctx_398655086/build/objs/fw_temp/fs.img
     Adding /fwbuild-volumes/latest/apps/app/esp32/build_contexts/build_ctx_398655086/build/objs/fw_temp/otadata.bin
     Adding /fwbuild-volumes/latest/apps/app/esp32/build_contexts/build_ctx_398655086/build/objs/fw_temp/partitions_mgos.bin
  Built app/esp32 version 1.0 (20181119-173331)
To flash all build output, run 'make flash' or:
python /opt/Espressif/esp-idf/components/esptool_py/esptool/esptool.py --chip esp32 --port /dev/ttyUSB0 --baud 1500000 --before default_reset --after hard_reset write_flash -z --flash_mode qio --flash_freq 40m --flash_size detect 0xd000 /fwbuild-volumes/latest/apps/app/esp32/build_contexts/build_ctx_398655086/build/objs/ota_data_initial.bin 0x1000 /fwbuild-volumes/latest/apps/app/esp32/build_contexts/build_ctx_398655086/build/objs/bootloader/bootloader.bin 0x10000 /fwbuild-volumes/latest/apps/app/esp32/build_contexts/build_ctx_398655086/build/objs/app.bin 0x8000 /fwbuild-volumes/latest/apps/app/esp32/build_contexts/build_ctx_398655086/build/objs/partitions_mgos.bin
make: Leaving directory '/app'
Success, built app/esp32 version 1.0 (20181119-173331).
Firmware saved to /fwbuild-volumes/latest/apps/app/esp32/build_contexts/build_ctx_398655086/build/fw.zip
